<?xml version="1.1" encoding="UTF-8"?>
<?totaltestVersion 20.4.1.v20200918-0303_109?>
<!--Topaz for Total Test 20.4.1.v20200918-0303_109 Oct 5, 2020 10:09:43 AM-->
<testsuites>
  <testsuite errors="0" failures="0" name="Unit Test.CWXTCOB_Scenario.00001: CWXTCOBCase1" tests="2">
    <testcase classname="Unit Test.CWXTCOB_Scenario.00001: CWXTCOBCase1" name="00001: Check for PARM_LTH"/>
    <testcase classname="Unit Test.CWXTCOB_Scenario.00001: CWXTCOBCase1" name="00002: Check for PARM_DATA"/>
  </testsuite>
  <testsuite errors="0" failures="0" name="Unit Test.CWXTCOB_Scenario.00001: CWXTCOBCase1.CWXTCOB_CWXTSUBC.00001: CWXTSUBC assertion" tests="3">
    <testcase classname="Unit Test.CWXTCOB_Scenario.00001: CWXTCOBCase1.CWXTCOB_CWXTSUBC.00001: CWXTSUBC assertion" name="00001: Check for EMP_TYPE"/>
    <testcase classname="Unit Test.CWXTCOB_Scenario.00001: CWXTCOBCase1.CWXTCOB_CWXTSUBC.00001: CWXTSUBC assertion" name="00002: Check for CALC_SALES"/>
    <testcase classname="Unit Test.CWXTCOB_Scenario.00001: CWXTCOBCase1.CWXTCOB_CWXTSUBC.00001: CWXTSUBC assertion" name="00003: Check for CALC_COMMISSION"/>
  </testsuite>
  <testsuite errors="0" failures="0" name="Unit Test.CWXTCOB_Scenario.00001: CWXTCOBCase1.CWXTCOB_CWXTSUBC.00002: CWXTSUBC assertion" tests="3">
    <testcase classname="Unit Test.CWXTCOB_Scenario.00001: CWXTCOBCase1.CWXTCOB_CWXTSUBC.00002: CWXTSUBC assertion" name="00001: Check for EMP_TYPE"/>
    <testcase classname="Unit Test.CWXTCOB_Scenario.00001: CWXTCOBCase1.CWXTCOB_CWXTSUBC.00002: CWXTSUBC assertion" name="00002: Check for CALC_SALES"/>
    <testcase classname="Unit Test.CWXTCOB_Scenario.00001: CWXTCOBCase1.CWXTCOB_CWXTSUBC.00002: CWXTSUBC assertion" name="00003: Check for CALC_COMMISSION"/>
  </testsuite>
  <testsuite errors="0" failures="0" name="Unit Test.CWXTCOB_Scenario.00001: CWXTCOBCase1.CWXTCOB_CWXTSUBC.00003: CWXTSUBC assertion" tests="3">
    <testcase classname="Unit Test.CWXTCOB_Scenario.00001: CWXTCOBCase1.CWXTCOB_CWXTSUBC.00003: CWXTSUBC assertion" name="00001: Check for EMP_TYPE"/>
    <testcase classname="Unit Test.CWXTCOB_Scenario.00001: CWXTCOBCase1.CWXTCOB_CWXTSUBC.00003: CWXTSUBC assertion" name="00002: Check for CALC_SALES"/>
    <testcase classname="Unit Test.CWXTCOB_Scenario.00001: CWXTCOBCase1.CWXTCOB_CWXTSUBC.00003: CWXTSUBC assertion" name="00003: Check for CALC_COMMISSION"/>
  </testsuite>
  <testsuite errors="0" failures="0" name="Unit Test.CWXTCOB_Scenario.00001: CWXTCOBCase1.CWXTCOB_CWXTSUBC.00004: CWXTSUBC assertion" tests="3">
    <testcase classname="Unit Test.CWXTCOB_Scenario.00001: CWXTCOBCase1.CWXTCOB_CWXTSUBC.00004: CWXTSUBC assertion" name="00001: Check for EMP_TYPE"/>
    <testcase classname="Unit Test.CWXTCOB_Scenario.00001: CWXTCOBCase1.CWXTCOB_CWXTSUBC.00004: CWXTSUBC assertion" name="00002: Check for CALC_SALES"/>
    <testcase classname="Unit Test.CWXTCOB_Scenario.00001: CWXTCOBCase1.CWXTCOB_CWXTSUBC.00004: CWXTSUBC assertion" name="00003: Check for CALC_COMMISSION"/>
  </testsuite>
  <testsuite errors="0" failures="0" name="Unit Test.CWXTCOB_Scenario.00001: CWXTCOBCase1.CWXTCOB_CWXTSUBC.00005: CWXTSUBC assertion" tests="3">
    <testcase classname="Unit Test.CWXTCOB_Scenario.00001: CWXTCOBCase1.CWXTCOB_CWXTSUBC.00005: CWXTSUBC assertion" name="00001: Check for EMP_TYPE"/>
    <testcase classname="Unit Test.CWXTCOB_Scenario.00001: CWXTCOBCase1.CWXTCOB_CWXTSUBC.00005: CWXTSUBC assertion" name="00002: Check for CALC_SALES"/>
    <testcase classname="Unit Test.CWXTCOB_Scenario.00001: CWXTCOBCase1.CWXTCOB_CWXTSUBC.00005: CWXTSUBC assertion" name="00003: Check for CALC_COMMISSION"/>
  </testsuite>
  <testsuite errors="0" failures="0" name="Unit Test.CWXTCOB_Scenario.00001: CWXTCOBCase1.CWXTCOB_CWXTSUBC.00006: CWXTSUBC assertion" tests="3">
    <testcase classname="Unit Test.CWXTCOB_Scenario.00001: CWXTCOBCase1.CWXTCOB_CWXTSUBC.00006: CWXTSUBC assertion" name="00001: Check for EMP_TYPE"/>
    <testcase classname="Unit Test.CWXTCOB_Scenario.00001: CWXTCOBCase1.CWXTCOB_CWXTSUBC.00006: CWXTSUBC assertion" name="00002: Check for CALC_SALES"/>
    <testcase classname="Unit Test.CWXTCOB_Scenario.00001: CWXTCOBCase1.CWXTCOB_CWXTSUBC.00006: CWXTSUBC assertion" name="00003: Check for CALC_COMMISSION"/>
  </testsuite>
  <testsuite errors="0" failures="0" name="Unit Test.CWXTCOB_Scenario.00001: CWXTCOBCase1.CWXTCOB_CWXTSUBC.00007: CWXTSUBC assertion" tests="3">
    <testcase classname="Unit Test.CWXTCOB_Scenario.00001: CWXTCOBCase1.CWXTCOB_CWXTSUBC.00007: CWXTSUBC assertion" name="00001: Check for EMP_TYPE"/>
    <testcase classname="Unit Test.CWXTCOB_Scenario.00001: CWXTCOBCase1.CWXTCOB_CWXTSUBC.00007: CWXTSUBC assertion" name="00002: Check for CALC_SALES"/>
    <testcase classname="Unit Test.CWXTCOB_Scenario.00001: CWXTCOBCase1.CWXTCOB_CWXTSUBC.00007: CWXTSUBC assertion" name="00003: Check for CALC_COMMISSION"/>
  </testsuite>
  <testsuite errors="0" failures="0" name="Unit Test.CWXTCOB_Scenario.00001: CWXTCOBCase1.CWXTCOB_CWXTDATE.00001: CWXTDATE assertion" tests="6">
    <testcase classname="Unit Test.CWXTCOB_Scenario.00001: CWXTCOBCase1.CWXTCOB_CWXTDATE.00001: CWXTDATE assertion" name="00001: Check for END_OF_MONTH_SW"/>
    <testcase classname="Unit Test.CWXTCOB_Scenario.00001: CWXTCOBCase1.CWXTCOB_CWXTDATE.00001: CWXTDATE assertion" name="00002: Check for YRS_OF_SERVICE"/>
    <testcase classname="Unit Test.CWXTCOB_Scenario.00001: CWXTCOBCase1.CWXTCOB_CWXTDATE.00001: CWXTDATE assertion" name="00003: Check for TODAYS_DATE"/>
    <testcase classname="Unit Test.CWXTCOB_Scenario.00001: CWXTCOBCase1.CWXTCOB_CWXTDATE.00001: CWXTDATE assertion" name="00004: Check for WA_EMP_HIRE_YY"/>
    <testcase classname="Unit Test.CWXTCOB_Scenario.00001: CWXTCOBCase1.CWXTCOB_CWXTDATE.00001: CWXTDATE assertion" name="00005: Check for WA_EMP_HIRE_MM"/>
    <testcase classname="Unit Test.CWXTCOB_Scenario.00001: CWXTCOBCase1.CWXTCOB_CWXTDATE.00001: CWXTDATE assertion" name="00006: Check for WA_EMP_HIRE_DD"/>
  </testsuite>
  <testsuite errors="0" failures="0" name="Unit Test.CWXTCOB_Scenario.00001: CWXTCOBCase1.CWXTCOB_CWXTDATE.00002: CWXTDATE assertion" tests="6">
    <testcase classname="Unit Test.CWXTCOB_Scenario.00001: CWXTCOBCase1.CWXTCOB_CWXTDATE.00002: CWXTDATE assertion" name="00001: Check for END_OF_MONTH_SW"/>
    <testcase classname="Unit Test.CWXTCOB_Scenario.00001: CWXTCOBCase1.CWXTCOB_CWXTDATE.00002: CWXTDATE assertion" name="00002: Check for YRS_OF_SERVICE"/>
    <testcase classname="Unit Test.CWXTCOB_Scenario.00001: CWXTCOBCase1.CWXTCOB_CWXTDATE.00002: CWXTDATE assertion" name="00003: Check for TODAYS_DATE"/>
    <testcase classname="Unit Test.CWXTCOB_Scenario.00001: CWXTCOBCase1.CWXTCOB_CWXTDATE.00002: CWXTDATE assertion" name="00004: Check for WA_EMP_HIRE_YY"/>
    <testcase classname="Unit Test.CWXTCOB_Scenario.00001: CWXTCOBCase1.CWXTCOB_CWXTDATE.00002: CWXTDATE assertion" name="00005: Check for WA_EMP_HIRE_MM"/>
    <testcase classname="Unit Test.CWXTCOB_Scenario.00001: CWXTCOBCase1.CWXTCOB_CWXTDATE.00002: CWXTDATE assertion" name="00006: Check for WA_EMP_HIRE_DD"/>
  </testsuite>
  <testsuite errors="0" failures="0" name="Unit Test.CWXTCOB_Scenario.00001: CWXTCOBCase1.CWXTCOB_CWXTDATE.00003: CWXTDATE assertion" tests="6">
    <testcase classname="Unit Test.CWXTCOB_Scenario.00001: CWXTCOBCase1.CWXTCOB_CWXTDATE.00003: CWXTDATE assertion" name="00001: Check for END_OF_MONTH_SW"/>
    <testcase classname="Unit Test.CWXTCOB_Scenario.00001: CWXTCOBCase1.CWXTCOB_CWXTDATE.00003: CWXTDATE assertion" name="00002: Check for YRS_OF_SERVICE"/>
    <testcase classname="Unit Test.CWXTCOB_Scenario.00001: CWXTCOBCase1.CWXTCOB_CWXTDATE.00003: CWXTDATE assertion" name="00003: Check for TODAYS_DATE"/>
    <testcase classname="Unit Test.CWXTCOB_Scenario.00001: CWXTCOBCase1.CWXTCOB_CWXTDATE.00003: CWXTDATE assertion" name="00004: Check for WA_EMP_HIRE_YY"/>
    <testcase classname="Unit Test.CWXTCOB_Scenario.00001: CWXTCOBCase1.CWXTCOB_CWXTDATE.00003: CWXTDATE assertion" name="00005: Check for WA_EMP_HIRE_MM"/>
    <testcase classname="Unit Test.CWXTCOB_Scenario.00001: CWXTCOBCase1.CWXTCOB_CWXTDATE.00003: CWXTDATE assertion" name="00006: Check for WA_EMP_HIRE_DD"/>
  </testsuite>
  <testsuite errors="0" failures="0" name="Unit Test.CWXTCOB_Scenario.00001: CWXTCOBCase1.CWXTCOB_CWXTDATE.00004: CWXTDATE assertion" tests="6">
    <testcase classname="Unit Test.CWXTCOB_Scenario.00001: CWXTCOBCase1.CWXTCOB_CWXTDATE.00004: CWXTDATE assertion" name="00001: Check for END_OF_MONTH_SW"/>
    <testcase classname="Unit Test.CWXTCOB_Scenario.00001: CWXTCOBCase1.CWXTCOB_CWXTDATE.00004: CWXTDATE assertion" name="00002: Check for YRS_OF_SERVICE"/>
    <testcase classname="Unit Test.CWXTCOB_Scenario.00001: CWXTCOBCase1.CWXTCOB_CWXTDATE.00004: CWXTDATE assertion" name="00003: Check for TODAYS_DATE"/>
    <testcase classname="Unit Test.CWXTCOB_Scenario.00001: CWXTCOBCase1.CWXTCOB_CWXTDATE.00004: CWXTDATE assertion" name="00004: Check for WA_EMP_HIRE_YY"/>
    <testcase classname="Unit Test.CWXTCOB_Scenario.00001: CWXTCOBCase1.CWXTCOB_CWXTDATE.00004: CWXTDATE assertion" name="00005: Check for WA_EMP_HIRE_MM"/>
    <testcase classname="Unit Test.CWXTCOB_Scenario.00001: CWXTCOBCase1.CWXTCOB_CWXTDATE.00004: CWXTDATE assertion" name="00006: Check for WA_EMP_HIRE_DD"/>
  </testsuite>
  <testsuite errors="0" failures="0" name="Unit Test.CWXTCOB_Scenario.00001: CWXTCOBCase1.CWXTCOB_CWXTDATE.00005: CWXTDATE assertion" tests="6">
    <testcase classname="Unit Test.CWXTCOB_Scenario.00001: CWXTCOBCase1.CWXTCOB_CWXTDATE.00005: CWXTDATE assertion" name="00001: Check for END_OF_MONTH_SW"/>
    <testcase classname="Unit Test.CWXTCOB_Scenario.00001: CWXTCOBCase1.CWXTCOB_CWXTDATE.00005: CWXTDATE assertion" name="00002: Check for YRS_OF_SERVICE"/>
    <testcase classname="Unit Test.CWXTCOB_Scenario.00001: CWXTCOBCase1.CWXTCOB_CWXTDATE.00005: CWXTDATE assertion" name="00003: Check for TODAYS_DATE"/>
    <testcase classname="Unit Test.CWXTCOB_Scenario.00001: CWXTCOBCase1.CWXTCOB_CWXTDATE.00005: CWXTDATE assertion" name="00004: Check for WA_EMP_HIRE_YY"/>
    <testcase classname="Unit Test.CWXTCOB_Scenario.00001: CWXTCOBCase1.CWXTCOB_CWXTDATE.00005: CWXTDATE assertion" name="00005: Check for WA_EMP_HIRE_MM"/>
    <testcase classname="Unit Test.CWXTCOB_Scenario.00001: CWXTCOBCase1.CWXTCOB_CWXTDATE.00005: CWXTDATE assertion" name="00006: Check for WA_EMP_HIRE_DD"/>
  </testsuite>
  <testsuite errors="0" failures="0" name="Unit Test.CWXTCOB_Scenario.00001: CWXTCOBCase1.CWXTCOB_CWXTDATE.00006: CWXTDATE assertion" tests="6">
    <testcase classname="Unit Test.CWXTCOB_Scenario.00001: CWXTCOBCase1.CWXTCOB_CWXTDATE.00006: CWXTDATE assertion" name="00001: Check for END_OF_MONTH_SW"/>
    <testcase classname="Unit Test.CWXTCOB_Scenario.00001: CWXTCOBCase1.CWXTCOB_CWXTDATE.00006: CWXTDATE assertion" name="00002: Check for YRS_OF_SERVICE"/>
    <testcase classname="Unit Test.CWXTCOB_Scenario.00001: CWXTCOBCase1.CWXTCOB_CWXTDATE.00006: CWXTDATE assertion" name="00003: Check for TODAYS_DATE"/>
    <testcase classname="Unit Test.CWXTCOB_Scenario.00001: CWXTCOBCase1.CWXTCOB_CWXTDATE.00006: CWXTDATE assertion" name="00004: Check for WA_EMP_HIRE_YY"/>
    <testcase classname="Unit Test.CWXTCOB_Scenario.00001: CWXTCOBCase1.CWXTCOB_CWXTDATE.00006: CWXTDATE assertion" name="00005: Check for WA_EMP_HIRE_MM"/>
    <testcase classname="Unit Test.CWXTCOB_Scenario.00001: CWXTCOBCase1.CWXTCOB_CWXTDATE.00006: CWXTDATE assertion" name="00006: Check for WA_EMP_HIRE_DD"/>
  </testsuite>
  <testsuite errors="0" failures="0" name="Unit Test.CWXTCOB_Scenario.00001: CWXTCOBCase1.CWXTCOB_CWXTDATE.00007: CWXTDATE assertion" tests="6">
    <testcase classname="Unit Test.CWXTCOB_Scenario.00001: CWXTCOBCase1.CWXTCOB_CWXTDATE.00007: CWXTDATE assertion" name="00001: Check for END_OF_MONTH_SW"/>
    <testcase classname="Unit Test.CWXTCOB_Scenario.00001: CWXTCOBCase1.CWXTCOB_CWXTDATE.00007: CWXTDATE assertion" name="00002: Check for YRS_OF_SERVICE"/>
    <testcase classname="Unit Test.CWXTCOB_Scenario.00001: CWXTCOBCase1.CWXTCOB_CWXTDATE.00007: CWXTDATE assertion" name="00003: Check for TODAYS_DATE"/>
    <testcase classname="Unit Test.CWXTCOB_Scenario.00001: CWXTCOBCase1.CWXTCOB_CWXTDATE.00007: CWXTDATE assertion" name="00004: Check for WA_EMP_HIRE_YY"/>
    <testcase classname="Unit Test.CWXTCOB_Scenario.00001: CWXTCOBCase1.CWXTCOB_CWXTDATE.00007: CWXTDATE assertion" name="00005: Check for WA_EMP_HIRE_MM"/>
    <testcase classname="Unit Test.CWXTCOB_Scenario.00001: CWXTCOBCase1.CWXTCOB_CWXTDATE.00007: CWXTDATE assertion" name="00006: Check for WA_EMP_HIRE_DD"/>
  </testsuite>
  <testsuite errors="0" failures="0" name="Unit Test.CWXTCOB_Scenario.00001: CWXTCOBCase1.CWXTCOB_CWXTDATE.00008: CWXTDATE assertion" tests="6">
    <testcase classname="Unit Test.CWXTCOB_Scenario.00001: CWXTCOBCase1.CWXTCOB_CWXTDATE.00008: CWXTDATE assertion" name="00001: Check for END_OF_MONTH_SW"/>
    <testcase classname="Unit Test.CWXTCOB_Scenario.00001: CWXTCOBCase1.CWXTCOB_CWXTDATE.00008: CWXTDATE assertion" name="00002: Check for YRS_OF_SERVICE"/>
    <testcase classname="Unit Test.CWXTCOB_Scenario.00001: CWXTCOBCase1.CWXTCOB_CWXTDATE.00008: CWXTDATE assertion" name="00003: Check for TODAYS_DATE"/>
    <testcase classname="Unit Test.CWXTCOB_Scenario.00001: CWXTCOBCase1.CWXTCOB_CWXTDATE.00008: CWXTDATE assertion" name="00004: Check for WA_EMP_HIRE_YY"/>
    <testcase classname="Unit Test.CWXTCOB_Scenario.00001: CWXTCOBCase1.CWXTCOB_CWXTDATE.00008: CWXTDATE assertion" name="00005: Check for WA_EMP_HIRE_MM"/>
    <testcase classname="Unit Test.CWXTCOB_Scenario.00001: CWXTCOBCase1.CWXTCOB_CWXTDATE.00008: CWXTDATE assertion" name="00006: Check for WA_EMP_HIRE_DD"/>
  </testsuite>
  <testsuite errors="0" failures="0" name="Unit Test.CWXTCOB_Scenario.00001: CWXTCOBCase1.CWXTCOB_CWXTDATE.00009: CWXTDATE assertion" tests="6">
    <testcase classname="Unit Test.CWXTCOB_Scenario.00001: CWXTCOBCase1.CWXTCOB_CWXTDATE.00009: CWXTDATE assertion" name="00001: Check for END_OF_MONTH_SW"/>
    <testcase classname="Unit Test.CWXTCOB_Scenario.00001: CWXTCOBCase1.CWXTCOB_CWXTDATE.00009: CWXTDATE assertion" name="00002: Check for YRS_OF_SERVICE"/>
    <testcase classname="Unit Test.CWXTCOB_Scenario.00001: CWXTCOBCase1.CWXTCOB_CWXTDATE.00009: CWXTDATE assertion" name="00003: Check for TODAYS_DATE"/>
    <testcase classname="Unit Test.CWXTCOB_Scenario.00001: CWXTCOBCase1.CWXTCOB_CWXTDATE.00009: CWXTDATE assertion" name="00004: Check for WA_EMP_HIRE_YY"/>
    <testcase classname="Unit Test.CWXTCOB_Scenario.00001: CWXTCOBCase1.CWXTCOB_CWXTDATE.00009: CWXTDATE assertion" name="00005: Check for WA_EMP_HIRE_MM"/>
    <testcase classname="Unit Test.CWXTCOB_Scenario.00001: CWXTCOBCase1.CWXTCOB_CWXTDATE.00009: CWXTDATE assertion" name="00006: Check for WA_EMP_HIRE_DD"/>
  </testsuite>
  <testsuite errors="0" failures="0" name="Unit Test.CWXTCOB_Scenario.00001: CWXTCOBCase1.CWXTCOB_CWXTDATE.00010: CWXTDATE assertion" tests="6">
    <testcase classname="Unit Test.CWXTCOB_Scenario.00001: CWXTCOBCase1.CWXTCOB_CWXTDATE.00010: CWXTDATE assertion" name="00001: Check for END_OF_MONTH_SW"/>
    <testcase classname="Unit Test.CWXTCOB_Scenario.00001: CWXTCOBCase1.CWXTCOB_CWXTDATE.00010: CWXTDATE assertion" name="00002: Check for YRS_OF_SERVICE"/>
    <testcase classname="Unit Test.CWXTCOB_Scenario.00001: CWXTCOBCase1.CWXTCOB_CWXTDATE.00010: CWXTDATE assertion" name="00003: Check for TODAYS_DATE"/>
    <testcase classname="Unit Test.CWXTCOB_Scenario.00001: CWXTCOBCase1.CWXTCOB_CWXTDATE.00010: CWXTDATE assertion" name="00004: Check for WA_EMP_HIRE_YY"/>
    <testcase classname="Unit Test.CWXTCOB_Scenario.00001: CWXTCOBCase1.CWXTCOB_CWXTDATE.00010: CWXTDATE assertion" name="00005: Check for WA_EMP_HIRE_MM"/>
    <testcase classname="Unit Test.CWXTCOB_Scenario.00001: CWXTCOBCase1.CWXTCOB_CWXTDATE.00010: CWXTDATE assertion" name="00006: Check for WA_EMP_HIRE_DD"/>
  </testsuite>
  <testsuite errors="0" failures="0" name="Unit Test.CWXTCOB_Scenario.00001: CWXTCOBCase1.CWXTCOB_CWXTDATE.00011: CWXTDATE assertion" tests="6">
    <testcase classname="Unit Test.CWXTCOB_Scenario.00001: CWXTCOBCase1.CWXTCOB_CWXTDATE.00011: CWXTDATE assertion" name="00001: Check for END_OF_MONTH_SW"/>
    <testcase classname="Unit Test.CWXTCOB_Scenario.00001: CWXTCOBCase1.CWXTCOB_CWXTDATE.00011: CWXTDATE assertion" name="00002: Check for YRS_OF_SERVICE"/>
    <testcase classname="Unit Test.CWXTCOB_Scenario.00001: CWXTCOBCase1.CWXTCOB_CWXTDATE.00011: CWXTDATE assertion" name="00003: Check for TODAYS_DATE"/>
    <testcase classname="Unit Test.CWXTCOB_Scenario.00001: CWXTCOBCase1.CWXTCOB_CWXTDATE.00011: CWXTDATE assertion" name="00004: Check for WA_EMP_HIRE_YY"/>
    <testcase classname="Unit Test.CWXTCOB_Scenario.00001: CWXTCOBCase1.CWXTCOB_CWXTDATE.00011: CWXTDATE assertion" name="00005: Check for WA_EMP_HIRE_MM"/>
    <testcase classname="Unit Test.CWXTCOB_Scenario.00001: CWXTCOBCase1.CWXTCOB_CWXTDATE.00011: CWXTDATE assertion" name="00006: Check for WA_EMP_HIRE_DD"/>
  </testsuite>
  <testsuite errors="0" failures="0" name="Unit Test.CWXTCOB_Scenario.00001: CWXTCOBCase1.CWXTCOB_CWXTDATE.00012: CWXTDATE assertion" tests="6">
    <testcase classname="Unit Test.CWXTCOB_Scenario.00001: CWXTCOBCase1.CWXTCOB_CWXTDATE.00012: CWXTDATE assertion" name="00001: Check for END_OF_MONTH_SW"/>
    <testcase classname="Unit Test.CWXTCOB_Scenario.00001: CWXTCOBCase1.CWXTCOB_CWXTDATE.00012: CWXTDATE assertion" name="00002: Check for YRS_OF_SERVICE"/>
    <testcase classname="Unit Test.CWXTCOB_Scenario.00001: CWXTCOBCase1.CWXTCOB_CWXTDATE.00012: CWXTDATE assertion" name="00003: Check for TODAYS_DATE"/>
    <testcase classname="Unit Test.CWXTCOB_Scenario.00001: CWXTCOBCase1.CWXTCOB_CWXTDATE.00012: CWXTDATE assertion" name="00004: Check for WA_EMP_HIRE_YY"/>
    <testcase classname="Unit Test.CWXTCOB_Scenario.00001: CWXTCOBCase1.CWXTCOB_CWXTDATE.00012: CWXTDATE assertion" name="00005: Check for WA_EMP_HIRE_MM"/>
    <testcase classname="Unit Test.CWXTCOB_Scenario.00001: CWXTCOBCase1.CWXTCOB_CWXTDATE.00012: CWXTDATE assertion" name="00006: Check for WA_EMP_HIRE_DD"/>
  </testsuite>
  <testsuite errors="0" failures="0" name="Unit Test.CWXTCOB_Scenario.00001: CWXTCOBCase1.CWXTCOB_CWXTDATE.00013: CWXTDATE assertion" tests="6">
    <testcase classname="Unit Test.CWXTCOB_Scenario.00001: CWXTCOBCase1.CWXTCOB_CWXTDATE.00013: CWXTDATE assertion" name="00001: Check for END_OF_MONTH_SW"/>
    <testcase classname="Unit Test.CWXTCOB_Scenario.00001: CWXTCOBCase1.CWXTCOB_CWXTDATE.00013: CWXTDATE assertion" name="00002: Check for YRS_OF_SERVICE"/>
    <testcase classname="Unit Test.CWXTCOB_Scenario.00001: CWXTCOBCase1.CWXTCOB_CWXTDATE.00013: CWXTDATE assertion" name="00003: Check for TODAYS_DATE"/>
    <testcase classname="Unit Test.CWXTCOB_Scenario.00001: CWXTCOBCase1.CWXTCOB_CWXTDATE.00013: CWXTDATE assertion" name="00004: Check for WA_EMP_HIRE_YY"/>
    <testcase classname="Unit Test.CWXTCOB_Scenario.00001: CWXTCOBCase1.CWXTCOB_CWXTDATE.00013: CWXTDATE assertion" name="00005: Check for WA_EMP_HIRE_MM"/>
    <testcase classname="Unit Test.CWXTCOB_Scenario.00001: CWXTCOBCase1.CWXTCOB_CWXTDATE.00013: CWXTDATE assertion" name="00006: Check for WA_EMP_HIRE_DD"/>
  </testsuite>
  <testsuite errors="0" failures="0" name="Unit Test.CWXTCOB_Scenario.00001: CWXTCOBCase1.CWXTCOB_CWXTDATE.00014: CWXTDATE assertion" tests="6">
    <testcase classname="Unit Test.CWXTCOB_Scenario.00001: CWXTCOBCase1.CWXTCOB_CWXTDATE.00014: CWXTDATE assertion" name="00001: Check for END_OF_MONTH_SW"/>
    <testcase classname="Unit Test.CWXTCOB_Scenario.00001: CWXTCOBCase1.CWXTCOB_CWXTDATE.00014: CWXTDATE assertion" name="00002: Check for YRS_OF_SERVICE"/>
    <testcase classname="Unit Test.CWXTCOB_Scenario.00001: CWXTCOBCase1.CWXTCOB_CWXTDATE.00014: CWXTDATE assertion" name="00003: Check for TODAYS_DATE"/>
    <testcase classname="Unit Test.CWXTCOB_Scenario.00001: CWXTCOBCase1.CWXTCOB_CWXTDATE.00014: CWXTDATE assertion" name="00004: Check for WA_EMP_HIRE_YY"/>
    <testcase classname="Unit Test.CWXTCOB_Scenario.00001: CWXTCOBCase1.CWXTCOB_CWXTDATE.00014: CWXTDATE assertion" name="00005: Check for WA_EMP_HIRE_MM"/>
    <testcase classname="Unit Test.CWXTCOB_Scenario.00001: CWXTCOBCase1.CWXTCOB_CWXTDATE.00014: CWXTDATE assertion" name="00006: Check for WA_EMP_HIRE_DD"/>
  </testsuite>
  <testsuite errors="0" failures="0" name="Unit Test.CWXTCOB_Scenario.00001: CWXTCOBCase1.CWXTCOB_RPTFILE_FILE.00001: RPTFILE assertion" tests="1">
    <testcase classname="Unit Test.CWXTCOB_Scenario.00001: CWXTCOBCase1.CWXTCOB_RPTFILE_FILE.00001: RPTFILE assertion" name="00001: Check for BLANK_LINE"/>
  </testsuite>
  <testsuite errors="0" failures="0" name="Unit Test.CWXTCOB_Scenario.00001: CWXTCOBCase1.CWXTCOB_RPTFILE_FILE.00002: RPTFILE assertion" tests="1">
    <testcase classname="Unit Test.CWXTCOB_Scenario.00001: CWXTCOBCase1.CWXTCOB_RPTFILE_FILE.00002: RPTFILE assertion" name="00001: Check for BLANK_LINE"/>
  </testsuite>
  <testsuite errors="0" failures="0" name="Unit Test.CWXTCOB_Scenario.00001: CWXTCOBCase1.CWXTCOB_RPTFILE_FILE.00003: RPTFILE assertion" tests="1">
    <testcase classname="Unit Test.CWXTCOB_Scenario.00001: CWXTCOBCase1.CWXTCOB_RPTFILE_FILE.00003: RPTFILE assertion" name="00001: Check for BLANK_LINE"/>
  </testsuite>
  <testsuite errors="0" failures="0" name="Unit Test.CWXTCOB_Scenario.00001: CWXTCOBCase1.CWXTCOB_RPTFILE_FILE.00004: RPTFILE assertion" tests="12">
    <testcase classname="Unit Test.CWXTCOB_Scenario.00001: CWXTCOBCase1.CWXTCOB_RPTFILE_FILE.00004: RPTFILE assertion" name="00001: Check for FILLER0"/>
    <testcase classname="Unit Test.CWXTCOB_Scenario.00001: CWXTCOBCase1.CWXTCOB_RPTFILE_FILE.00004: RPTFILE assertion" name="00002: Check for FILLER1"/>
    <testcase classname="Unit Test.CWXTCOB_Scenario.00001: CWXTCOBCase1.CWXTCOB_RPTFILE_FILE.00004: RPTFILE assertion" name="00003: Check for EMP_RUN_MM"/>
    <testcase classname="Unit Test.CWXTCOB_Scenario.00001: CWXTCOBCase1.CWXTCOB_RPTFILE_FILE.00004: RPTFILE assertion" name="00004: Check for FILLER2"/>
    <testcase classname="Unit Test.CWXTCOB_Scenario.00001: CWXTCOBCase1.CWXTCOB_RPTFILE_FILE.00004: RPTFILE assertion" name="00005: Check for EMP_RUN_DD"/>
    <testcase classname="Unit Test.CWXTCOB_Scenario.00001: CWXTCOBCase1.CWXTCOB_RPTFILE_FILE.00004: RPTFILE assertion" name="00006: Check for FILLER3"/>
    <testcase classname="Unit Test.CWXTCOB_Scenario.00001: CWXTCOBCase1.CWXTCOB_RPTFILE_FILE.00004: RPTFILE assertion" name="00007: Check for EMP_RUN_YY"/>
    <testcase classname="Unit Test.CWXTCOB_Scenario.00001: CWXTCOBCase1.CWXTCOB_RPTFILE_FILE.00004: RPTFILE assertion" name="00008: Check for FILLER4"/>
    <testcase classname="Unit Test.CWXTCOB_Scenario.00001: CWXTCOBCase1.CWXTCOB_RPTFILE_FILE.00004: RPTFILE assertion" name="00009: Check for FILLER5"/>
    <testcase classname="Unit Test.CWXTCOB_Scenario.00001: CWXTCOBCase1.CWXTCOB_RPTFILE_FILE.00004: RPTFILE assertion" name="00010: Check for FILLER6"/>
    <testcase classname="Unit Test.CWXTCOB_Scenario.00001: CWXTCOBCase1.CWXTCOB_RPTFILE_FILE.00004: RPTFILE assertion" name="00011: Check for FILLER7"/>
    <testcase classname="Unit Test.CWXTCOB_Scenario.00001: CWXTCOBCase1.CWXTCOB_RPTFILE_FILE.00004: RPTFILE assertion" name="00012: Check for EMP_PAGE"/>
  </testsuite>
  <testsuite errors="0" failures="0" name="Unit Test.CWXTCOB_Scenario.00001: CWXTCOBCase1.CWXTCOB_RPTFILE_FILE.00005: RPTFILE assertion" tests="1">
    <testcase classname="Unit Test.CWXTCOB_Scenario.00001: CWXTCOBCase1.CWXTCOB_RPTFILE_FILE.00005: RPTFILE assertion" name="00001: Check for BLANK_LINE"/>
  </testsuite>
  <testsuite errors="0" failures="0" name="Unit Test.CWXTCOB_Scenario.00001: CWXTCOBCase1.CWXTCOB_RPTFILE_FILE.00006: RPTFILE assertion" tests="1">
    <testcase classname="Unit Test.CWXTCOB_Scenario.00001: CWXTCOBCase1.CWXTCOB_RPTFILE_FILE.00006: RPTFILE assertion" name="00001: Check for BLANK_LINE"/>
  </testsuite>
  <testsuite errors="0" failures="0" name="Unit Test.CWXTCOB_Scenario.00001: CWXTCOBCase1.CWXTCOB_RPTFILE_FILE.00007: RPTFILE assertion" tests="5">
    <testcase classname="Unit Test.CWXTCOB_Scenario.00001: CWXTCOBCase1.CWXTCOB_RPTFILE_FILE.00007: RPTFILE assertion" name="00001: Check for FILLER0"/>
    <testcase classname="Unit Test.CWXTCOB_Scenario.00001: CWXTCOBCase1.CWXTCOB_RPTFILE_FILE.00007: RPTFILE assertion" name="00002: Check for FILLER1"/>
    <testcase classname="Unit Test.CWXTCOB_Scenario.00001: CWXTCOBCase1.CWXTCOB_RPTFILE_FILE.00007: RPTFILE assertion" name="00003: Check for FILLER2"/>
    <testcase classname="Unit Test.CWXTCOB_Scenario.00001: CWXTCOBCase1.CWXTCOB_RPTFILE_FILE.00007: RPTFILE assertion" name="00004: Check for FILLER3"/>
    <testcase classname="Unit Test.CWXTCOB_Scenario.00001: CWXTCOBCase1.CWXTCOB_RPTFILE_FILE.00007: RPTFILE assertion" name="00005: Check for FILLER4"/>
  </testsuite>
  <testsuite errors="0" failures="0" name="Unit Test.CWXTCOB_Scenario.00001: CWXTCOBCase1.CWXTCOB_RPTFILE_FILE.00008: RPTFILE assertion" tests="18">
    <testcase classname="Unit Test.CWXTCOB_Scenario.00001: CWXTCOBCase1.CWXTCOB_RPTFILE_FILE.00008: RPTFILE assertion" name="00001: Check for FILLER0"/>
    <testcase classname="Unit Test.CWXTCOB_Scenario.00001: CWXTCOBCase1.CWXTCOB_RPTFILE_FILE.00008: RPTFILE assertion" name="00002: Check for FILLER1"/>
    <testcase classname="Unit Test.CWXTCOB_Scenario.00001: CWXTCOBCase1.CWXTCOB_RPTFILE_FILE.00008: RPTFILE assertion" name="00003: Check for FILLER2"/>
    <testcase classname="Unit Test.CWXTCOB_Scenario.00001: CWXTCOBCase1.CWXTCOB_RPTFILE_FILE.00008: RPTFILE assertion" name="00004: Check for FILLER3"/>
    <testcase classname="Unit Test.CWXTCOB_Scenario.00001: CWXTCOBCase1.CWXTCOB_RPTFILE_FILE.00008: RPTFILE assertion" name="00005: Check for FILLER4"/>
    <testcase classname="Unit Test.CWXTCOB_Scenario.00001: CWXTCOBCase1.CWXTCOB_RPTFILE_FILE.00008: RPTFILE assertion" name="00006: Check for FILLER5"/>
    <testcase classname="Unit Test.CWXTCOB_Scenario.00001: CWXTCOBCase1.CWXTCOB_RPTFILE_FILE.00008: RPTFILE assertion" name="00007: Check for FILLER6"/>
    <testcase classname="Unit Test.CWXTCOB_Scenario.00001: CWXTCOBCase1.CWXTCOB_RPTFILE_FILE.00008: RPTFILE assertion" name="00008: Check for FILLER7"/>
    <testcase classname="Unit Test.CWXTCOB_Scenario.00001: CWXTCOBCase1.CWXTCOB_RPTFILE_FILE.00008: RPTFILE assertion" name="00009: Check for FILLER8"/>
    <testcase classname="Unit Test.CWXTCOB_Scenario.00001: CWXTCOBCase1.CWXTCOB_RPTFILE_FILE.00008: RPTFILE assertion" name="00010: Check for FILLER9"/>
    <testcase classname="Unit Test.CWXTCOB_Scenario.00001: CWXTCOBCase1.CWXTCOB_RPTFILE_FILE.00008: RPTFILE assertion" name="00011: Check for FILLER10"/>
    <testcase classname="Unit Test.CWXTCOB_Scenario.00001: CWXTCOBCase1.CWXTCOB_RPTFILE_FILE.00008: RPTFILE assertion" name="00012: Check for FILLER11"/>
    <testcase classname="Unit Test.CWXTCOB_Scenario.00001: CWXTCOBCase1.CWXTCOB_RPTFILE_FILE.00008: RPTFILE assertion" name="00013: Check for FILLER12"/>
    <testcase classname="Unit Test.CWXTCOB_Scenario.00001: CWXTCOBCase1.CWXTCOB_RPTFILE_FILE.00008: RPTFILE assertion" name="00014: Check for FILLER13"/>
    <testcase classname="Unit Test.CWXTCOB_Scenario.00001: CWXTCOBCase1.CWXTCOB_RPTFILE_FILE.00008: RPTFILE assertion" name="00015: Check for FILLER14"/>
    <testcase classname="Unit Test.CWXTCOB_Scenario.00001: CWXTCOBCase1.CWXTCOB_RPTFILE_FILE.00008: RPTFILE assertion" name="00016: Check for FILLER15"/>
    <testcase classname="Unit Test.CWXTCOB_Scenario.00001: CWXTCOBCase1.CWXTCOB_RPTFILE_FILE.00008: RPTFILE assertion" name="00017: Check for FILLER16"/>
    <testcase classname="Unit Test.CWXTCOB_Scenario.00001: CWXTCOBCase1.CWXTCOB_RPTFILE_FILE.00008: RPTFILE assertion" name="00018: Check for FILLER17"/>
  </testsuite>
  <testsuite errors="0" failures="0" name="Unit Test.CWXTCOB_Scenario.00001: CWXTCOBCase1.CWXTCOB_RPTFILE_FILE.00009: RPTFILE assertion" tests="1">
    <testcase classname="Unit Test.CWXTCOB_Scenario.00001: CWXTCOBCase1.CWXTCOB_RPTFILE_FILE.00009: RPTFILE assertion" name="00001: Check for BLANK_LINE"/>
  </testsuite>
  <testsuite errors="0" failures="0" name="Unit Test.CWXTCOB_Scenario.00001: CWXTCOBCase1.CWXTCOB_RPTFILE_FILE.00010: RPTFILE assertion" tests="22">
    <testcase classname="Unit Test.CWXTCOB_Scenario.00001: CWXTCOBCase1.CWXTCOB_RPTFILE_FILE.00010: RPTFILE assertion" name="00001: Check for FILLER0"/>
    <testcase classname="Unit Test.CWXTCOB_Scenario.00001: CWXTCOBCase1.CWXTCOB_RPTFILE_FILE.00010: RPTFILE assertion" name="00002: Check for EMP_DTL_NAME"/>
    <testcase classname="Unit Test.CWXTCOB_Scenario.00001: CWXTCOBCase1.CWXTCOB_RPTFILE_FILE.00010: RPTFILE assertion" name="00003: Check for FILLER1"/>
    <testcase classname="Unit Test.CWXTCOB_Scenario.00001: CWXTCOBCase1.CWXTCOB_RPTFILE_FILE.00010: RPTFILE assertion" name="00004: Check for EMP_DTL_REGION"/>
    <testcase classname="Unit Test.CWXTCOB_Scenario.00001: CWXTCOBCase1.CWXTCOB_RPTFILE_FILE.00010: RPTFILE assertion" name="00005: Check for FILLER2"/>
    <testcase classname="Unit Test.CWXTCOB_Scenario.00001: CWXTCOBCase1.CWXTCOB_RPTFILE_FILE.00010: RPTFILE assertion" name="00006: Check for EMP_DTL_TYPE"/>
    <testcase classname="Unit Test.CWXTCOB_Scenario.00001: CWXTCOBCase1.CWXTCOB_RPTFILE_FILE.00010: RPTFILE assertion" name="00007: Check for FILLER3"/>
    <testcase classname="Unit Test.CWXTCOB_Scenario.00001: CWXTCOBCase1.CWXTCOB_RPTFILE_FILE.00010: RPTFILE assertion" name="00008: Check for EMP_DTL_HIRE_MM"/>
    <testcase classname="Unit Test.CWXTCOB_Scenario.00001: CWXTCOBCase1.CWXTCOB_RPTFILE_FILE.00010: RPTFILE assertion" name="00009: Check for EMP_DTL_SLASH1"/>
    <testcase classname="Unit Test.CWXTCOB_Scenario.00001: CWXTCOBCase1.CWXTCOB_RPTFILE_FILE.00010: RPTFILE assertion" name="00010: Check for EMP_DTL_HIRE_DD"/>
    <testcase classname="Unit Test.CWXTCOB_Scenario.00001: CWXTCOBCase1.CWXTCOB_RPTFILE_FILE.00010: RPTFILE assertion" name="00011: Check for EMP_DTL_SLASH2"/>
    <testcase classname="Unit Test.CWXTCOB_Scenario.00001: CWXTCOBCase1.CWXTCOB_RPTFILE_FILE.00010: RPTFILE assertion" name="00012: Check for EMP_DTL_HIRE_YY"/>
    <testcase classname="Unit Test.CWXTCOB_Scenario.00001: CWXTCOBCase1.CWXTCOB_RPTFILE_FILE.00010: RPTFILE assertion" name="00013: Check for FILLER4"/>
    <testcase classname="Unit Test.CWXTCOB_Scenario.00001: CWXTCOBCase1.CWXTCOB_RPTFILE_FILE.00010: RPTFILE assertion" name="00014: Check for EMP_DTL_YRS_OF_SERVICE"/>
    <testcase classname="Unit Test.CWXTCOB_Scenario.00001: CWXTCOBCase1.CWXTCOB_RPTFILE_FILE.00010: RPTFILE assertion" name="00015: Check for FILLER5"/>
    <testcase classname="Unit Test.CWXTCOB_Scenario.00001: CWXTCOBCase1.CWXTCOB_RPTFILE_FILE.00010: RPTFILE assertion" name="00016: Check for EMP_DTL_WAGES"/>
    <testcase classname="Unit Test.CWXTCOB_Scenario.00001: CWXTCOBCase1.CWXTCOB_RPTFILE_FILE.00010: RPTFILE assertion" name="00017: Check for FILLER6"/>
    <testcase classname="Unit Test.CWXTCOB_Scenario.00001: CWXTCOBCase1.CWXTCOB_RPTFILE_FILE.00010: RPTFILE assertion" name="00018: Check for EMP_DTL_OT"/>
    <testcase classname="Unit Test.CWXTCOB_Scenario.00001: CWXTCOBCase1.CWXTCOB_RPTFILE_FILE.00010: RPTFILE assertion" name="00019: Check for FILLER7"/>
    <testcase classname="Unit Test.CWXTCOB_Scenario.00001: CWXTCOBCase1.CWXTCOB_RPTFILE_FILE.00010: RPTFILE assertion" name="00020: Check for EMP_DTL_COMM"/>
    <testcase classname="Unit Test.CWXTCOB_Scenario.00001: CWXTCOBCase1.CWXTCOB_RPTFILE_FILE.00010: RPTFILE assertion" name="00021: Check for FILLER8"/>
    <testcase classname="Unit Test.CWXTCOB_Scenario.00001: CWXTCOBCase1.CWXTCOB_RPTFILE_FILE.00010: RPTFILE assertion" name="00022: Check for EMP_DTL_TOTAL"/>
  </testsuite>
  <testsuite errors="0" failures="0" name="Unit Test.CWXTCOB_Scenario.00001: CWXTCOBCase1.CWXTCOB_RPTFILE_FILE.00011: RPTFILE assertion" tests="22">
    <testcase classname="Unit Test.CWXTCOB_Scenario.00001: CWXTCOBCase1.CWXTCOB_RPTFILE_FILE.00011: RPTFILE assertion" name="00001: Check for FILLER0"/>
    <testcase classname="Unit Test.CWXTCOB_Scenario.00001: CWXTCOBCase1.CWXTCOB_RPTFILE_FILE.00011: RPTFILE assertion" name="00002: Check for EMP_DTL_NAME"/>
    <testcase classname="Unit Test.CWXTCOB_Scenario.00001: CWXTCOBCase1.CWXTCOB_RPTFILE_FILE.00011: RPTFILE assertion" name="00003: Check for FILLER1"/>
    <testcase classname="Unit Test.CWXTCOB_Scenario.00001: CWXTCOBCase1.CWXTCOB_RPTFILE_FILE.00011: RPTFILE assertion" name="00004: Check for EMP_DTL_REGION"/>
    <testcase classname="Unit Test.CWXTCOB_Scenario.00001: CWXTCOBCase1.CWXTCOB_RPTFILE_FILE.00011: RPTFILE assertion" name="00005: Check for FILLER2"/>
    <testcase classname="Unit Test.CWXTCOB_Scenario.00001: CWXTCOBCase1.CWXTCOB_RPTFILE_FILE.00011: RPTFILE assertion" name="00006: Check for EMP_DTL_TYPE"/>
    <testcase classname="Unit Test.CWXTCOB_Scenario.00001: CWXTCOBCase1.CWXTCOB_RPTFILE_FILE.00011: RPTFILE assertion" name="00007: Check for FILLER3"/>
    <testcase classname="Unit Test.CWXTCOB_Scenario.00001: CWXTCOBCase1.CWXTCOB_RPTFILE_FILE.00011: RPTFILE assertion" name="00008: Check for EMP_DTL_HIRE_MM"/>
    <testcase classname="Unit Test.CWXTCOB_Scenario.00001: CWXTCOBCase1.CWXTCOB_RPTFILE_FILE.00011: RPTFILE assertion" name="00009: Check for EMP_DTL_SLASH1"/>
    <testcase classname="Unit Test.CWXTCOB_Scenario.00001: CWXTCOBCase1.CWXTCOB_RPTFILE_FILE.00011: RPTFILE assertion" name="00010: Check for EMP_DTL_HIRE_DD"/>
    <testcase classname="Unit Test.CWXTCOB_Scenario.00001: CWXTCOBCase1.CWXTCOB_RPTFILE_FILE.00011: RPTFILE assertion" name="00011: Check for EMP_DTL_SLASH2"/>
    <testcase classname="Unit Test.CWXTCOB_Scenario.00001: CWXTCOBCase1.CWXTCOB_RPTFILE_FILE.00011: RPTFILE assertion" name="00012: Check for EMP_DTL_HIRE_YY"/>
    <testcase classname="Unit Test.CWXTCOB_Scenario.00001: CWXTCOBCase1.CWXTCOB_RPTFILE_FILE.00011: RPTFILE assertion" name="00013: Check for FILLER4"/>
    <testcase classname="Unit Test.CWXTCOB_Scenario.00001: CWXTCOBCase1.CWXTCOB_RPTFILE_FILE.00011: RPTFILE assertion" name="00014: Check for EMP_DTL_YRS_OF_SERVICE"/>
    <testcase classname="Unit Test.CWXTCOB_Scenario.00001: CWXTCOBCase1.CWXTCOB_RPTFILE_FILE.00011: RPTFILE assertion" name="00015: Check for FILLER5"/>
    <testcase classname="Unit Test.CWXTCOB_Scenario.00001: CWXTCOBCase1.CWXTCOB_RPTFILE_FILE.00011: RPTFILE assertion" name="00016: Check for EMP_DTL_WAGES"/>
    <testcase classname="Unit Test.CWXTCOB_Scenario.00001: CWXTCOBCase1.CWXTCOB_RPTFILE_FILE.00011: RPTFILE assertion" name="00017: Check for FILLER6"/>
    <testcase classname="Unit Test.CWXTCOB_Scenario.00001: CWXTCOBCase1.CWXTCOB_RPTFILE_FILE.00011: RPTFILE assertion" name="00018: Check for EMP_DTL_OT"/>
    <testcase classname="Unit Test.CWXTCOB_Scenario.00001: CWXTCOBCase1.CWXTCOB_RPTFILE_FILE.00011: RPTFILE assertion" name="00019: Check for FILLER7"/>
    <testcase classname="Unit Test.CWXTCOB_Scenario.00001: CWXTCOBCase1.CWXTCOB_RPTFILE_FILE.00011: RPTFILE assertion" name="00020: Check for EMP_DTL_COMM"/>
    <testcase classname="Unit Test.CWXTCOB_Scenario.00001: CWXTCOBCase1.CWXTCOB_RPTFILE_FILE.00011: RPTFILE assertion" name="00021: Check for FILLER8"/>
    <testcase classname="Unit Test.CWXTCOB_Scenario.00001: CWXTCOBCase1.CWXTCOB_RPTFILE_FILE.00011: RPTFILE assertion" name="00022: Check for EMP_DTL_TOTAL"/>
  </testsuite>
  <testsuite errors="0" failures="0" name="Unit Test.CWXTCOB_Scenario.00001: CWXTCOBCase1.CWXTCOB_RPTFILE_FILE.00012: RPTFILE assertion" tests="22">
    <testcase classname="Unit Test.CWXTCOB_Scenario.00001: CWXTCOBCase1.CWXTCOB_RPTFILE_FILE.00012: RPTFILE assertion" name="00001: Check for FILLER0"/>
    <testcase classname="Unit Test.CWXTCOB_Scenario.00001: CWXTCOBCase1.CWXTCOB_RPTFILE_FILE.00012: RPTFILE assertion" name="00002: Check for EMP_DTL_NAME"/>
    <testcase classname="Unit Test.CWXTCOB_Scenario.00001: CWXTCOBCase1.CWXTCOB_RPTFILE_FILE.00012: RPTFILE assertion" name="00003: Check for FILLER1"/>
    <testcase classname="Unit Test.CWXTCOB_Scenario.00001: CWXTCOBCase1.CWXTCOB_RPTFILE_FILE.00012: RPTFILE assertion" name="00004: Check for EMP_DTL_REGION"/>
    <testcase classname="Unit Test.CWXTCOB_Scenario.00001: CWXTCOBCase1.CWXTCOB_RPTFILE_FILE.00012: RPTFILE assertion" name="00005: Check for FILLER2"/>
    <testcase classname="Unit Test.CWXTCOB_Scenario.00001: CWXTCOBCase1.CWXTCOB_RPTFILE_FILE.00012: RPTFILE assertion" name="00006: Check for EMP_DTL_TYPE"/>
    <testcase classname="Unit Test.CWXTCOB_Scenario.00001: CWXTCOBCase1.CWXTCOB_RPTFILE_FILE.00012: RPTFILE assertion" name="00007: Check for FILLER3"/>
    <testcase classname="Unit Test.CWXTCOB_Scenario.00001: CWXTCOBCase1.CWXTCOB_RPTFILE_FILE.00012: RPTFILE assertion" name="00008: Check for EMP_DTL_HIRE_MM"/>
    <testcase classname="Unit Test.CWXTCOB_Scenario.00001: CWXTCOBCase1.CWXTCOB_RPTFILE_FILE.00012: RPTFILE assertion" name="00009: Check for EMP_DTL_SLASH1"/>
    <testcase classname="Unit Test.CWXTCOB_Scenario.00001: CWXTCOBCase1.CWXTCOB_RPTFILE_FILE.00012: RPTFILE assertion" name="00010: Check for EMP_DTL_HIRE_DD"/>
    <testcase classname="Unit Test.CWXTCOB_Scenario.00001: CWXTCOBCase1.CWXTCOB_RPTFILE_FILE.00012: RPTFILE assertion" name="00011: Check for EMP_DTL_SLASH2"/>
    <testcase classname="Unit Test.CWXTCOB_Scenario.00001: CWXTCOBCase1.CWXTCOB_RPTFILE_FILE.00012: RPTFILE assertion" name="00012: Check for EMP_DTL_HIRE_YY"/>
    <testcase classname="Unit Test.CWXTCOB_Scenario.00001: CWXTCOBCase1.CWXTCOB_RPTFILE_FILE.00012: RPTFILE assertion" name="00013: Check for FILLER4"/>
    <testcase classname="Unit Test.CWXTCOB_Scenario.00001: CWXTCOBCase1.CWXTCOB_RPTFILE_FILE.00012: RPTFILE assertion" name="00014: Check for EMP_DTL_YRS_OF_SERVICE"/>
    <testcase classname="Unit Test.CWXTCOB_Scenario.00001: CWXTCOBCase1.CWXTCOB_RPTFILE_FILE.00012: RPTFILE assertion" name="00015: Check for FILLER5"/>
    <testcase classname="Unit Test.CWXTCOB_Scenario.00001: CWXTCOBCase1.CWXTCOB_RPTFILE_FILE.00012: RPTFILE assertion" name="00016: Check for EMP_DTL_WAGES"/>
    <testcase classname="Unit Test.CWXTCOB_Scenario.00001: CWXTCOBCase1.CWXTCOB_RPTFILE_FILE.00012: RPTFILE assertion" name="00017: Check for FILLER6"/>
    <testcase classname="Unit Test.CWXTCOB_Scenario.00001: CWXTCOBCase1.CWXTCOB_RPTFILE_FILE.00012: RPTFILE assertion" name="00018: Check for EMP_DTL_OT"/>
    <testcase classname="Unit Test.CWXTCOB_Scenario.00001: CWXTCOBCase1.CWXTCOB_RPTFILE_FILE.00012: RPTFILE assertion" name="00019: Check for FILLER7"/>
    <testcase classname="Unit Test.CWXTCOB_Scenario.00001: CWXTCOBCase1.CWXTCOB_RPTFILE_FILE.00012: RPTFILE assertion" name="00020: Check for EMP_DTL_COMM"/>
    <testcase classname="Unit Test.CWXTCOB_Scenario.00001: CWXTCOBCase1.CWXTCOB_RPTFILE_FILE.00012: RPTFILE assertion" name="00021: Check for FILLER8"/>
    <testcase classname="Unit Test.CWXTCOB_Scenario.00001: CWXTCOBCase1.CWXTCOB_RPTFILE_FILE.00012: RPTFILE assertion" name="00022: Check for EMP_DTL_TOTAL"/>
  </testsuite>
  <testsuite errors="0" failures="0" name="Unit Test.CWXTCOB_Scenario.00001: CWXTCOBCase1.CWXTCOB_RPTFILE_FILE.00013: RPTFILE assertion" tests="22">
    <testcase classname="Unit Test.CWXTCOB_Scenario.00001: CWXTCOBCase1.CWXTCOB_RPTFILE_FILE.00013: RPTFILE assertion" name="00001: Check for FILLER0"/>
    <testcase classname="Unit Test.CWXTCOB_Scenario.00001: CWXTCOBCase1.CWXTCOB_RPTFILE_FILE.00013: RPTFILE assertion" name="00002: Check for EMP_DTL_NAME"/>
    <testcase classname="Unit Test.CWXTCOB_Scenario.00001: CWXTCOBCase1.CWXTCOB_RPTFILE_FILE.00013: RPTFILE assertion" name="00003: Check for FILLER1"/>
    <testcase classname="Unit Test.CWXTCOB_Scenario.00001: CWXTCOBCase1.CWXTCOB_RPTFILE_FILE.00013: RPTFILE assertion" name="00004: Check for EMP_DTL_REGION"/>
    <testcase classname="Unit Test.CWXTCOB_Scenario.00001: CWXTCOBCase1.CWXTCOB_RPTFILE_FILE.00013: RPTFILE assertion" name="00005: Check for FILLER2"/>
    <testcase classname="Unit Test.CWXTCOB_Scenario.00001: CWXTCOBCase1.CWXTCOB_RPTFILE_FILE.00013: RPTFILE assertion" name="00006: Check for EMP_DTL_TYPE"/>
    <testcase classname="Unit Test.CWXTCOB_Scenario.00001: CWXTCOBCase1.CWXTCOB_RPTFILE_FILE.00013: RPTFILE assertion" name="00007: Check for FILLER3"/>
    <testcase classname="Unit Test.CWXTCOB_Scenario.00001: CWXTCOBCase1.CWXTCOB_RPTFILE_FILE.00013: RPTFILE assertion" name="00008: Check for EMP_DTL_HIRE_MM"/>
    <testcase classname="Unit Test.CWXTCOB_Scenario.00001: CWXTCOBCase1.CWXTCOB_RPTFILE_FILE.00013: RPTFILE assertion" name="00009: Check for EMP_DTL_SLASH1"/>
    <testcase classname="Unit Test.CWXTCOB_Scenario.00001: CWXTCOBCase1.CWXTCOB_RPTFILE_FILE.00013: RPTFILE assertion" name="00010: Check for EMP_DTL_HIRE_DD"/>
    <testcase classname="Unit Test.CWXTCOB_Scenario.00001: CWXTCOBCase1.CWXTCOB_RPTFILE_FILE.00013: RPTFILE assertion" name="00011: Check for EMP_DTL_SLASH2"/>
    <testcase classname="Unit Test.CWXTCOB_Scenario.00001: CWXTCOBCase1.CWXTCOB_RPTFILE_FILE.00013: RPTFILE assertion" name="00012: Check for EMP_DTL_HIRE_YY"/>
    <testcase classname="Unit Test.CWXTCOB_Scenario.00001: CWXTCOBCase1.CWXTCOB_RPTFILE_FILE.00013: RPTFILE assertion" name="00013: Check for FILLER4"/>
    <testcase classname="Unit Test.CWXTCOB_Scenario.00001: CWXTCOBCase1.CWXTCOB_RPTFILE_FILE.00013: RPTFILE assertion" name="00014: Check for EMP_DTL_YRS_OF_SERVICE"/>
    <testcase classname="Unit Test.CWXTCOB_Scenario.00001: CWXTCOBCase1.CWXTCOB_RPTFILE_FILE.00013: RPTFILE assertion" name="00015: Check for FILLER5"/>
    <testcase classname="Unit Test.CWXTCOB_Scenario.00001: CWXTCOBCase1.CWXTCOB_RPTFILE_FILE.00013: RPTFILE assertion" name="00016: Check for EMP_DTL_WAGES"/>
    <testcase classname="Unit Test.CWXTCOB_Scenario.00001: CWXTCOBCase1.CWXTCOB_RPTFILE_FILE.00013: RPTFILE assertion" name="00017: Check for FILLER6"/>
    <testcase classname="Unit Test.CWXTCOB_Scenario.00001: CWXTCOBCase1.CWXTCOB_RPTFILE_FILE.00013: RPTFILE assertion" name="00018: Check for EMP_DTL_OT"/>
    <testcase classname="Unit Test.CWXTCOB_Scenario.00001: CWXTCOBCase1.CWXTCOB_RPTFILE_FILE.00013: RPTFILE assertion" name="00019: Check for FILLER7"/>
    <testcase classname="Unit Test.CWXTCOB_Scenario.00001: CWXTCOBCase1.CWXTCOB_RPTFILE_FILE.00013: RPTFILE assertion" name="00020: Check for EMP_DTL_COMM"/>
    <testcase classname="Unit Test.CWXTCOB_Scenario.00001: CWXTCOBCase1.CWXTCOB_RPTFILE_FILE.00013: RPTFILE assertion" name="00021: Check for FILLER8"/>
    <testcase classname="Unit Test.CWXTCOB_Scenario.00001: CWXTCOBCase1.CWXTCOB_RPTFILE_FILE.00013: RPTFILE assertion" name="00022: Check for EMP_DTL_TOTAL"/>
  </testsuite>
  <testsuite errors="0" failures="0" name="Unit Test.CWXTCOB_Scenario.00001: CWXTCOBCase1.CWXTCOB_RPTFILE_FILE.00014: RPTFILE assertion" tests="22">
    <testcase classname="Unit Test.CWXTCOB_Scenario.00001: CWXTCOBCase1.CWXTCOB_RPTFILE_FILE.00014: RPTFILE assertion" name="00001: Check for FILLER0"/>
    <testcase classname="Unit Test.CWXTCOB_Scenario.00001: CWXTCOBCase1.CWXTCOB_RPTFILE_FILE.00014: RPTFILE assertion" name="00002: Check for EMP_DTL_NAME"/>
    <testcase classname="Unit Test.CWXTCOB_Scenario.00001: CWXTCOBCase1.CWXTCOB_RPTFILE_FILE.00014: RPTFILE assertion" name="00003: Check for FILLER1"/>
    <testcase classname="Unit Test.CWXTCOB_Scenario.00001: CWXTCOBCase1.CWXTCOB_RPTFILE_FILE.00014: RPTFILE assertion" name="00004: Check for EMP_DTL_REGION"/>
    <testcase classname="Unit Test.CWXTCOB_Scenario.00001: CWXTCOBCase1.CWXTCOB_RPTFILE_FILE.00014: RPTFILE assertion" name="00005: Check for FILLER2"/>
    <testcase classname="Unit Test.CWXTCOB_Scenario.00001: CWXTCOBCase1.CWXTCOB_RPTFILE_FILE.00014: RPTFILE assertion" name="00006: Check for EMP_DTL_TYPE"/>
    <testcase classname="Unit Test.CWXTCOB_Scenario.00001: CWXTCOBCase1.CWXTCOB_RPTFILE_FILE.00014: RPTFILE assertion" name="00007: Check for FILLER3"/>
    <testcase classname="Unit Test.CWXTCOB_Scenario.00001: CWXTCOBCase1.CWXTCOB_RPTFILE_FILE.00014: RPTFILE assertion" name="00008: Check for EMP_DTL_HIRE_MM"/>
    <testcase classname="Unit Test.CWXTCOB_Scenario.00001: CWXTCOBCase1.CWXTCOB_RPTFILE_FILE.00014: RPTFILE assertion" name="00009: Check for EMP_DTL_SLASH1"/>
    <testcase classname="Unit Test.CWXTCOB_Scenario.00001: CWXTCOBCase1.CWXTCOB_RPTFILE_FILE.00014: RPTFILE assertion" name="00010: Check for EMP_DTL_HIRE_DD"/>
    <testcase classname="Unit Test.CWXTCOB_Scenario.00001: CWXTCOBCase1.CWXTCOB_RPTFILE_FILE.00014: RPTFILE assertion" name="00011: Check for EMP_DTL_SLASH2"/>
    <testcase classname="Unit Test.CWXTCOB_Scenario.00001: CWXTCOBCase1.CWXTCOB_RPTFILE_FILE.00014: RPTFILE assertion" name="00012: Check for EMP_DTL_HIRE_YY"/>
    <testcase classname="Unit Test.CWXTCOB_Scenario.00001: CWXTCOBCase1.CWXTCOB_RPTFILE_FILE.00014: RPTFILE assertion" name="00013: Check for FILLER4"/>
    <testcase classname="Unit Test.CWXTCOB_Scenario.00001: CWXTCOBCase1.CWXTCOB_RPTFILE_FILE.00014: RPTFILE assertion" name="00014: Check for EMP_DTL_YRS_OF_SERVICE"/>
    <testcase classname="Unit Test.CWXTCOB_Scenario.00001: CWXTCOBCase1.CWXTCOB_RPTFILE_FILE.00014: RPTFILE assertion" name="00015: Check for FILLER5"/>
    <testcase classname="Unit Test.CWXTCOB_Scenario.00001: CWXTCOBCase1.CWXTCOB_RPTFILE_FILE.00014: RPTFILE assertion" name="00016: Check for EMP_DTL_WAGES"/>
    <testcase classname="Unit Test.CWXTCOB_Scenario.00001: CWXTCOBCase1.CWXTCOB_RPTFILE_FILE.00014: RPTFILE assertion" name="00017: Check for FILLER6"/>
    <testcase classname="Unit Test.CWXTCOB_Scenario.00001: CWXTCOBCase1.CWXTCOB_RPTFILE_FILE.00014: RPTFILE assertion" name="00018: Check for EMP_DTL_OT"/>
    <testcase classname="Unit Test.CWXTCOB_Scenario.00001: CWXTCOBCase1.CWXTCOB_RPTFILE_FILE.00014: RPTFILE assertion" name="00019: Check for FILLER7"/>
    <testcase classname="Unit Test.CWXTCOB_Scenario.00001: CWXTCOBCase1.CWXTCOB_RPTFILE_FILE.00014: RPTFILE assertion" name="00020: Check for EMP_DTL_COMM"/>
    <testcase classname="Unit Test.CWXTCOB_Scenario.00001: CWXTCOBCase1.CWXTCOB_RPTFILE_FILE.00014: RPTFILE assertion" name="00021: Check for FILLER8"/>
    <testcase classname="Unit Test.CWXTCOB_Scenario.00001: CWXTCOBCase1.CWXTCOB_RPTFILE_FILE.00014: RPTFILE assertion" name="00022: Check for EMP_DTL_TOTAL"/>
  </testsuite>
  <testsuite errors="0" failures="0" name="Unit Test.CWXTCOB_Scenario.00001: CWXTCOBCase1.CWXTCOB_RPTFILE_FILE.00015: RPTFILE assertion" tests="22">
    <testcase classname="Unit Test.CWXTCOB_Scenario.00001: CWXTCOBCase1.CWXTCOB_RPTFILE_FILE.00015: RPTFILE assertion" name="00001: Check for FILLER0"/>
    <testcase classname="Unit Test.CWXTCOB_Scenario.00001: CWXTCOBCase1.CWXTCOB_RPTFILE_FILE.00015: RPTFILE assertion" name="00002: Check for EMP_DTL_NAME"/>
    <testcase classname="Unit Test.CWXTCOB_Scenario.00001: CWXTCOBCase1.CWXTCOB_RPTFILE_FILE.00015: RPTFILE assertion" name="00003: Check for FILLER1"/>
    <testcase classname="Unit Test.CWXTCOB_Scenario.00001: CWXTCOBCase1.CWXTCOB_RPTFILE_FILE.00015: RPTFILE assertion" name="00004: Check for EMP_DTL_REGION"/>
    <testcase classname="Unit Test.CWXTCOB_Scenario.00001: CWXTCOBCase1.CWXTCOB_RPTFILE_FILE.00015: RPTFILE assertion" name="00005: Check for FILLER2"/>
    <testcase classname="Unit Test.CWXTCOB_Scenario.00001: CWXTCOBCase1.CWXTCOB_RPTFILE_FILE.00015: RPTFILE assertion" name="00006: Check for EMP_DTL_TYPE"/>
    <testcase classname="Unit Test.CWXTCOB_Scenario.00001: CWXTCOBCase1.CWXTCOB_RPTFILE_FILE.00015: RPTFILE assertion" name="00007: Check for FILLER3"/>
    <testcase classname="Unit Test.CWXTCOB_Scenario.00001: CWXTCOBCase1.CWXTCOB_RPTFILE_FILE.00015: RPTFILE assertion" name="00008: Check for EMP_DTL_HIRE_MM"/>
    <testcase classname="Unit Test.CWXTCOB_Scenario.00001: CWXTCOBCase1.CWXTCOB_RPTFILE_FILE.00015: RPTFILE assertion" name="00009: Check for EMP_DTL_SLASH1"/>
    <testcase classname="Unit Test.CWXTCOB_Scenario.00001: CWXTCOBCase1.CWXTCOB_RPTFILE_FILE.00015: RPTFILE assertion" name="00010: Check for EMP_DTL_HIRE_DD"/>
    <testcase classname="Unit Test.CWXTCOB_Scenario.00001: CWXTCOBCase1.CWXTCOB_RPTFILE_FILE.00015: RPTFILE assertion" name="00011: Check for EMP_DTL_SLASH2"/>
    <testcase classname="Unit Test.CWXTCOB_Scenario.00001: CWXTCOBCase1.CWXTCOB_RPTFILE_FILE.00015: RPTFILE assertion" name="00012: Check for EMP_DTL_HIRE_YY"/>
    <testcase classname="Unit Test.CWXTCOB_Scenario.00001: CWXTCOBCase1.CWXTCOB_RPTFILE_FILE.00015: RPTFILE assertion" name="00013: Check for FILLER4"/>
    <testcase classname="Unit Test.CWXTCOB_Scenario.00001: CWXTCOBCase1.CWXTCOB_RPTFILE_FILE.00015: RPTFILE assertion" name="00014: Check for EMP_DTL_YRS_OF_SERVICE"/>
    <testcase classname="Unit Test.CWXTCOB_Scenario.00001: CWXTCOBCase1.CWXTCOB_RPTFILE_FILE.00015: RPTFILE assertion" name="00015: Check for FILLER5"/>
    <testcase classname="Unit Test.CWXTCOB_Scenario.00001: CWXTCOBCase1.CWXTCOB_RPTFILE_FILE.00015: RPTFILE assertion" name="00016: Check for EMP_DTL_WAGES"/>
    <testcase classname="Unit Test.CWXTCOB_Scenario.00001: CWXTCOBCase1.CWXTCOB_RPTFILE_FILE.00015: RPTFILE assertion" name="00017: Check for FILLER6"/>
    <testcase classname="Unit Test.CWXTCOB_Scenario.00001: CWXTCOBCase1.CWXTCOB_RPTFILE_FILE.00015: RPTFILE assertion" name="00018: Check for EMP_DTL_OT"/>
    <testcase classname="Unit Test.CWXTCOB_Scenario.00001: CWXTCOBCase1.CWXTCOB_RPTFILE_FILE.00015: RPTFILE assertion" name="00019: Check for FILLER7"/>
    <testcase classname="Unit Test.CWXTCOB_Scenario.00001: CWXTCOBCase1.CWXTCOB_RPTFILE_FILE.00015: RPTFILE assertion" name="00020: Check for EMP_DTL_COMM"/>
    <testcase classname="Unit Test.CWXTCOB_Scenario.00001: CWXTCOBCase1.CWXTCOB_RPTFILE_FILE.00015: RPTFILE assertion" name="00021: Check for FILLER8"/>
    <testcase classname="Unit Test.CWXTCOB_Scenario.00001: CWXTCOBCase1.CWXTCOB_RPTFILE_FILE.00015: RPTFILE assertion" name="00022: Check for EMP_DTL_TOTAL"/>
  </testsuite>
  <testsuite errors="0" failures="0" name="Unit Test.CWXTCOB_Scenario.00001: CWXTCOBCase1.CWXTCOB_RPTFILE_FILE.00016: RPTFILE assertion" tests="22">
    <testcase classname="Unit Test.CWXTCOB_Scenario.00001: CWXTCOBCase1.CWXTCOB_RPTFILE_FILE.00016: RPTFILE assertion" name="00001: Check for FILLER0"/>
    <testcase classname="Unit Test.CWXTCOB_Scenario.00001: CWXTCOBCase1.CWXTCOB_RPTFILE_FILE.00016: RPTFILE assertion" name="00002: Check for EMP_DTL_NAME"/>
    <testcase classname="Unit Test.CWXTCOB_Scenario.00001: CWXTCOBCase1.CWXTCOB_RPTFILE_FILE.00016: RPTFILE assertion" name="00003: Check for FILLER1"/>
    <testcase classname="Unit Test.CWXTCOB_Scenario.00001: CWXTCOBCase1.CWXTCOB_RPTFILE_FILE.00016: RPTFILE assertion" name="00004: Check for EMP_DTL_REGION"/>
    <testcase classname="Unit Test.CWXTCOB_Scenario.00001: CWXTCOBCase1.CWXTCOB_RPTFILE_FILE.00016: RPTFILE assertion" name="00005: Check for FILLER2"/>
    <testcase classname="Unit Test.CWXTCOB_Scenario.00001: CWXTCOBCase1.CWXTCOB_RPTFILE_FILE.00016: RPTFILE assertion" name="00006: Check for EMP_DTL_TYPE"/>
    <testcase classname="Unit Test.CWXTCOB_Scenario.00001: CWXTCOBCase1.CWXTCOB_RPTFILE_FILE.00016: RPTFILE assertion" name="00007: Check for FILLER3"/>
    <testcase classname="Unit Test.CWXTCOB_Scenario.00001: CWXTCOBCase1.CWXTCOB_RPTFILE_FILE.00016: RPTFILE assertion" name="00008: Check for EMP_DTL_HIRE_MM"/>
    <testcase classname="Unit Test.CWXTCOB_Scenario.00001: CWXTCOBCase1.CWXTCOB_RPTFILE_FILE.00016: RPTFILE assertion" name="00009: Check for EMP_DTL_SLASH1"/>
    <testcase classname="Unit Test.CWXTCOB_Scenario.00001: CWXTCOBCase1.CWXTCOB_RPTFILE_FILE.00016: RPTFILE assertion" name="00010: Check for EMP_DTL_HIRE_DD"/>
    <testcase classname="Unit Test.CWXTCOB_Scenario.00001: CWXTCOBCase1.CWXTCOB_RPTFILE_FILE.00016: RPTFILE assertion" name="00011: Check for EMP_DTL_SLASH2"/>
    <testcase classname="Unit Test.CWXTCOB_Scenario.00001: CWXTCOBCase1.CWXTCOB_RPTFILE_FILE.00016: RPTFILE assertion" name="00012: Check for EMP_DTL_HIRE_YY"/>
    <testcase classname="Unit Test.CWXTCOB_Scenario.00001: CWXTCOBCase1.CWXTCOB_RPTFILE_FILE.00016: RPTFILE assertion" name="00013: Check for FILLER4"/>
    <testcase classname="Unit Test.CWXTCOB_Scenario.00001: CWXTCOBCase1.CWXTCOB_RPTFILE_FILE.00016: RPTFILE assertion" name="00014: Check for EMP_DTL_YRS_OF_SERVICE"/>
    <testcase classname="Unit Test.CWXTCOB_Scenario.00001: CWXTCOBCase1.CWXTCOB_RPTFILE_FILE.00016: RPTFILE assertion" name="00015: Check for FILLER5"/>
    <testcase classname="Unit Test.CWXTCOB_Scenario.00001: CWXTCOBCase1.CWXTCOB_RPTFILE_FILE.00016: RPTFILE assertion" name="00016: Check for EMP_DTL_WAGES"/>
    <testcase classname="Unit Test.CWXTCOB_Scenario.00001: CWXTCOBCase1.CWXTCOB_RPTFILE_FILE.00016: RPTFILE assertion" name="00017: Check for FILLER6"/>
    <testcase classname="Unit Test.CWXTCOB_Scenario.00001: CWXTCOBCase1.CWXTCOB_RPTFILE_FILE.00016: RPTFILE assertion" name="00018: Check for EMP_DTL_OT"/>
    <testcase classname="Unit Test.CWXTCOB_Scenario.00001: CWXTCOBCase1.CWXTCOB_RPTFILE_FILE.00016: RPTFILE assertion" name="00019: Check for FILLER7"/>
    <testcase classname="Unit Test.CWXTCOB_Scenario.00001: CWXTCOBCase1.CWXTCOB_RPTFILE_FILE.00016: RPTFILE assertion" name="00020: Check for EMP_DTL_COMM"/>
    <testcase classname="Unit Test.CWXTCOB_Scenario.00001: CWXTCOBCase1.CWXTCOB_RPTFILE_FILE.00016: RPTFILE assertion" name="00021: Check for FILLER8"/>
    <testcase classname="Unit Test.CWXTCOB_Scenario.00001: CWXTCOBCase1.CWXTCOB_RPTFILE_FILE.00016: RPTFILE assertion" name="00022: Check for EMP_DTL_TOTAL"/>
  </testsuite>
  <testsuite errors="0" failures="0" name="Unit Test.CWXTCOB_Scenario.00001: CWXTCOBCase1.CWXTCOB_RPTFILE_FILE.00017: RPTFILE assertion" tests="22">
    <testcase classname="Unit Test.CWXTCOB_Scenario.00001: CWXTCOBCase1.CWXTCOB_RPTFILE_FILE.00017: RPTFILE assertion" name="00001: Check for FILLER0"/>
    <testcase classname="Unit Test.CWXTCOB_Scenario.00001: CWXTCOBCase1.CWXTCOB_RPTFILE_FILE.00017: RPTFILE assertion" name="00002: Check for EMP_DTL_NAME"/>
    <testcase classname="Unit Test.CWXTCOB_Scenario.00001: CWXTCOBCase1.CWXTCOB_RPTFILE_FILE.00017: RPTFILE assertion" name="00003: Check for FILLER1"/>
    <testcase classname="Unit Test.CWXTCOB_Scenario.00001: CWXTCOBCase1.CWXTCOB_RPTFILE_FILE.00017: RPTFILE assertion" name="00004: Check for EMP_DTL_REGION"/>
    <testcase classname="Unit Test.CWXTCOB_Scenario.00001: CWXTCOBCase1.CWXTCOB_RPTFILE_FILE.00017: RPTFILE assertion" name="00005: Check for FILLER2"/>
    <testcase classname="Unit Test.CWXTCOB_Scenario.00001: CWXTCOBCase1.CWXTCOB_RPTFILE_FILE.00017: RPTFILE assertion" name="00006: Check for EMP_DTL_TYPE"/>
    <testcase classname="Unit Test.CWXTCOB_Scenario.00001: CWXTCOBCase1.CWXTCOB_RPTFILE_FILE.00017: RPTFILE assertion" name="00007: Check for FILLER3"/>
    <testcase classname="Unit Test.CWXTCOB_Scenario.00001: CWXTCOBCase1.CWXTCOB_RPTFILE_FILE.00017: RPTFILE assertion" name="00008: Check for EMP_DTL_HIRE_MM"/>
    <testcase classname="Unit Test.CWXTCOB_Scenario.00001: CWXTCOBCase1.CWXTCOB_RPTFILE_FILE.00017: RPTFILE assertion" name="00009: Check for EMP_DTL_SLASH1"/>
    <testcase classname="Unit Test.CWXTCOB_Scenario.00001: CWXTCOBCase1.CWXTCOB_RPTFILE_FILE.00017: RPTFILE assertion" name="00010: Check for EMP_DTL_HIRE_DD"/>
    <testcase classname="Unit Test.CWXTCOB_Scenario.00001: CWXTCOBCase1.CWXTCOB_RPTFILE_FILE.00017: RPTFILE assertion" name="00011: Check for EMP_DTL_SLASH2"/>
    <testcase classname="Unit Test.CWXTCOB_Scenario.00001: CWXTCOBCase1.CWXTCOB_RPTFILE_FILE.00017: RPTFILE assertion" name="00012: Check for EMP_DTL_HIRE_YY"/>
    <testcase classname="Unit Test.CWXTCOB_Scenario.00001: CWXTCOBCase1.CWXTCOB_RPTFILE_FILE.00017: RPTFILE assertion" name="00013: Check for FILLER4"/>
    <testcase classname="Unit Test.CWXTCOB_Scenario.00001: CWXTCOBCase1.CWXTCOB_RPTFILE_FILE.00017: RPTFILE assertion" name="00014: Check for EMP_DTL_YRS_OF_SERVICE"/>
    <testcase classname="Unit Test.CWXTCOB_Scenario.00001: CWXTCOBCase1.CWXTCOB_RPTFILE_FILE.00017: RPTFILE assertion" name="00015: Check for FILLER5"/>
    <testcase classname="Unit Test.CWXTCOB_Scenario.00001: CWXTCOBCase1.CWXTCOB_RPTFILE_FILE.00017: RPTFILE assertion" name="00016: Check for EMP_DTL_WAGES"/>
    <testcase classname="Unit Test.CWXTCOB_Scenario.00001: CWXTCOBCase1.CWXTCOB_RPTFILE_FILE.00017: RPTFILE assertion" name="00017: Check for FILLER6"/>
    <testcase classname="Unit Test.CWXTCOB_Scenario.00001: CWXTCOBCase1.CWXTCOB_RPTFILE_FILE.00017: RPTFILE assertion" name="00018: Check for EMP_DTL_OT"/>
    <testcase classname="Unit Test.CWXTCOB_Scenario.00001: CWXTCOBCase1.CWXTCOB_RPTFILE_FILE.00017: RPTFILE assertion" name="00019: Check for FILLER7"/>
    <testcase classname="Unit Test.CWXTCOB_Scenario.00001: CWXTCOBCase1.CWXTCOB_RPTFILE_FILE.00017: RPTFILE assertion" name="00020: Check for EMP_DTL_COMM"/>
    <testcase classname="Unit Test.CWXTCOB_Scenario.00001: CWXTCOBCase1.CWXTCOB_RPTFILE_FILE.00017: RPTFILE assertion" name="00021: Check for FILLER8"/>
    <testcase classname="Unit Test.CWXTCOB_Scenario.00001: CWXTCOBCase1.CWXTCOB_RPTFILE_FILE.00017: RPTFILE assertion" name="00022: Check for EMP_DTL_TOTAL"/>
  </testsuite>
  <testsuite errors="0" failures="0" name="Unit Test.CWXTCOB_Scenario.00001: CWXTCOBCase1.CWXTCOB_RPTFILE_FILE.00018: RPTFILE assertion" tests="22">
    <testcase classname="Unit Test.CWXTCOB_Scenario.00001: CWXTCOBCase1.CWXTCOB_RPTFILE_FILE.00018: RPTFILE assertion" name="00001: Check for FILLER0"/>
    <testcase classname="Unit Test.CWXTCOB_Scenario.00001: CWXTCOBCase1.CWXTCOB_RPTFILE_FILE.00018: RPTFILE assertion" name="00002: Check for EMP_DTL_NAME"/>
    <testcase classname="Unit Test.CWXTCOB_Scenario.00001: CWXTCOBCase1.CWXTCOB_RPTFILE_FILE.00018: RPTFILE assertion" name="00003: Check for FILLER1"/>
    <testcase classname="Unit Test.CWXTCOB_Scenario.00001: CWXTCOBCase1.CWXTCOB_RPTFILE_FILE.00018: RPTFILE assertion" name="00004: Check for EMP_DTL_REGION"/>
    <testcase classname="Unit Test.CWXTCOB_Scenario.00001: CWXTCOBCase1.CWXTCOB_RPTFILE_FILE.00018: RPTFILE assertion" name="00005: Check for FILLER2"/>
    <testcase classname="Unit Test.CWXTCOB_Scenario.00001: CWXTCOBCase1.CWXTCOB_RPTFILE_FILE.00018: RPTFILE assertion" name="00006: Check for EMP_DTL_TYPE"/>
    <testcase classname="Unit Test.CWXTCOB_Scenario.00001: CWXTCOBCase1.CWXTCOB_RPTFILE_FILE.00018: RPTFILE assertion" name="00007: Check for FILLER3"/>
    <testcase classname="Unit Test.CWXTCOB_Scenario.00001: CWXTCOBCase1.CWXTCOB_RPTFILE_FILE.00018: RPTFILE assertion" name="00008: Check for EMP_DTL_HIRE_MM"/>
    <testcase classname="Unit Test.CWXTCOB_Scenario.00001: CWXTCOBCase1.CWXTCOB_RPTFILE_FILE.00018: RPTFILE assertion" name="00009: Check for EMP_DTL_SLASH1"/>
    <testcase classname="Unit Test.CWXTCOB_Scenario.00001: CWXTCOBCase1.CWXTCOB_RPTFILE_FILE.00018: RPTFILE assertion" name="00010: Check for EMP_DTL_HIRE_DD"/>
    <testcase classname="Unit Test.CWXTCOB_Scenario.00001: CWXTCOBCase1.CWXTCOB_RPTFILE_FILE.00018: RPTFILE assertion" name="00011: Check for EMP_DTL_SLASH2"/>
    <testcase classname="Unit Test.CWXTCOB_Scenario.00001: CWXTCOBCase1.CWXTCOB_RPTFILE_FILE.00018: RPTFILE assertion" name="00012: Check for EMP_DTL_HIRE_YY"/>
    <testcase classname="Unit Test.CWXTCOB_Scenario.00001: CWXTCOBCase1.CWXTCOB_RPTFILE_FILE.00018: RPTFILE assertion" name="00013: Check for FILLER4"/>
    <testcase classname="Unit Test.CWXTCOB_Scenario.00001: CWXTCOBCase1.CWXTCOB_RPTFILE_FILE.00018: RPTFILE assertion" name="00014: Check for EMP_DTL_YRS_OF_SERVICE"/>
    <testcase classname="Unit Test.CWXTCOB_Scenario.00001: CWXTCOBCase1.CWXTCOB_RPTFILE_FILE.00018: RPTFILE assertion" name="00015: Check for FILLER5"/>
    <testcase classname="Unit Test.CWXTCOB_Scenario.00001: CWXTCOBCase1.CWXTCOB_RPTFILE_FILE.00018: RPTFILE assertion" name="00016: Check for EMP_DTL_WAGES"/>
    <testcase classname="Unit Test.CWXTCOB_Scenario.00001: CWXTCOBCase1.CWXTCOB_RPTFILE_FILE.00018: RPTFILE assertion" name="00017: Check for FILLER6"/>
    <testcase classname="Unit Test.CWXTCOB_Scenario.00001: CWXTCOBCase1.CWXTCOB_RPTFILE_FILE.00018: RPTFILE assertion" name="00018: Check for EMP_DTL_OT"/>
    <testcase classname="Unit Test.CWXTCOB_Scenario.00001: CWXTCOBCase1.CWXTCOB_RPTFILE_FILE.00018: RPTFILE assertion" name="00019: Check for FILLER7"/>
    <testcase classname="Unit Test.CWXTCOB_Scenario.00001: CWXTCOBCase1.CWXTCOB_RPTFILE_FILE.00018: RPTFILE assertion" name="00020: Check for EMP_DTL_COMM"/>
    <testcase classname="Unit Test.CWXTCOB_Scenario.00001: CWXTCOBCase1.CWXTCOB_RPTFILE_FILE.00018: RPTFILE assertion" name="00021: Check for FILLER8"/>
    <testcase classname="Unit Test.CWXTCOB_Scenario.00001: CWXTCOBCase1.CWXTCOB_RPTFILE_FILE.00018: RPTFILE assertion" name="00022: Check for EMP_DTL_TOTAL"/>
  </testsuite>
  <testsuite errors="0" failures="0" name="Unit Test.CWXTCOB_Scenario.00001: CWXTCOBCase1.CWXTCOB_RPTFILE_FILE.00019: RPTFILE assertion" tests="22">
    <testcase classname="Unit Test.CWXTCOB_Scenario.00001: CWXTCOBCase1.CWXTCOB_RPTFILE_FILE.00019: RPTFILE assertion" name="00001: Check for FILLER0"/>
    <testcase classname="Unit Test.CWXTCOB_Scenario.00001: CWXTCOBCase1.CWXTCOB_RPTFILE_FILE.00019: RPTFILE assertion" name="00002: Check for EMP_DTL_NAME"/>
    <testcase classname="Unit Test.CWXTCOB_Scenario.00001: CWXTCOBCase1.CWXTCOB_RPTFILE_FILE.00019: RPTFILE assertion" name="00003: Check for FILLER1"/>
    <testcase classname="Unit Test.CWXTCOB_Scenario.00001: CWXTCOBCase1.CWXTCOB_RPTFILE_FILE.00019: RPTFILE assertion" name="00004: Check for EMP_DTL_REGION"/>
    <testcase classname="Unit Test.CWXTCOB_Scenario.00001: CWXTCOBCase1.CWXTCOB_RPTFILE_FILE.00019: RPTFILE assertion" name="00005: Check for FILLER2"/>
    <testcase classname="Unit Test.CWXTCOB_Scenario.00001: CWXTCOBCase1.CWXTCOB_RPTFILE_FILE.00019: RPTFILE assertion" name="00006: Check for EMP_DTL_TYPE"/>
    <testcase classname="Unit Test.CWXTCOB_Scenario.00001: CWXTCOBCase1.CWXTCOB_RPTFILE_FILE.00019: RPTFILE assertion" name="00007: Check for FILLER3"/>
    <testcase classname="Unit Test.CWXTCOB_Scenario.00001: CWXTCOBCase1.CWXTCOB_RPTFILE_FILE.00019: RPTFILE assertion" name="00008: Check for EMP_DTL_HIRE_MM"/>
    <testcase classname="Unit Test.CWXTCOB_Scenario.00001: CWXTCOBCase1.CWXTCOB_RPTFILE_FILE.00019: RPTFILE assertion" name="00009: Check for EMP_DTL_SLASH1"/>
    <testcase classname="Unit Test.CWXTCOB_Scenario.00001: CWXTCOBCase1.CWXTCOB_RPTFILE_FILE.00019: RPTFILE assertion" name="00010: Check for EMP_DTL_HIRE_DD"/>
    <testcase classname="Unit Test.CWXTCOB_Scenario.00001: CWXTCOBCase1.CWXTCOB_RPTFILE_FILE.00019: RPTFILE assertion" name="00011: Check for EMP_DTL_SLASH2"/>
    <testcase classname="Unit Test.CWXTCOB_Scenario.00001: CWXTCOBCase1.CWXTCOB_RPTFILE_FILE.00019: RPTFILE assertion" name="00012: Check for EMP_DTL_HIRE_YY"/>
    <testcase classname="Unit Test.CWXTCOB_Scenario.00001: CWXTCOBCase1.CWXTCOB_RPTFILE_FILE.00019: RPTFILE assertion" name="00013: Check for FILLER4"/>
    <testcase classname="Unit Test.CWXTCOB_Scenario.00001: CWXTCOBCase1.CWXTCOB_RPTFILE_FILE.00019: RPTFILE assertion" name="00014: Check for EMP_DTL_YRS_OF_SERVICE"/>
    <testcase classname="Unit Test.CWXTCOB_Scenario.00001: CWXTCOBCase1.CWXTCOB_RPTFILE_FILE.00019: RPTFILE assertion" name="00015: Check for FILLER5"/>
    <testcase classname="Unit Test.CWXTCOB_Scenario.00001: CWXTCOBCase1.CWXTCOB_RPTFILE_FILE.00019: RPTFILE assertion" name="00016: Check for EMP_DTL_WAGES"/>
    <testcase classname="Unit Test.CWXTCOB_Scenario.00001: CWXTCOBCase1.CWXTCOB_RPTFILE_FILE.00019: RPTFILE assertion" name="00017: Check for FILLER6"/>
    <testcase classname="Unit Test.CWXTCOB_Scenario.00001: CWXTCOBCase1.CWXTCOB_RPTFILE_FILE.00019: RPTFILE assertion" name="00018: Check for EMP_DTL_OT"/>
    <testcase classname="Unit Test.CWXTCOB_Scenario.00001: CWXTCOBCase1.CWXTCOB_RPTFILE_FILE.00019: RPTFILE assertion" name="00019: Check for FILLER7"/>
    <testcase classname="Unit Test.CWXTCOB_Scenario.00001: CWXTCOBCase1.CWXTCOB_RPTFILE_FILE.00019: RPTFILE assertion" name="00020: Check for EMP_DTL_COMM"/>
    <testcase classname="Unit Test.CWXTCOB_Scenario.00001: CWXTCOBCase1.CWXTCOB_RPTFILE_FILE.00019: RPTFILE assertion" name="00021: Check for FILLER8"/>
    <testcase classname="Unit Test.CWXTCOB_Scenario.00001: CWXTCOBCase1.CWXTCOB_RPTFILE_FILE.00019: RPTFILE assertion" name="00022: Check for EMP_DTL_TOTAL"/>
  </testsuite>
  <testsuite errors="0" failures="0" name="Unit Test.CWXTCOB_Scenario.00001: CWXTCOBCase1.CWXTCOB_RPTFILE_FILE.00020: RPTFILE assertion" tests="22">
    <testcase classname="Unit Test.CWXTCOB_Scenario.00001: CWXTCOBCase1.CWXTCOB_RPTFILE_FILE.00020: RPTFILE assertion" name="00001: Check for FILLER0"/>
    <testcase classname="Unit Test.CWXTCOB_Scenario.00001: CWXTCOBCase1.CWXTCOB_RPTFILE_FILE.00020: RPTFILE assertion" name="00002: Check for EMP_DTL_NAME"/>
    <testcase classname="Unit Test.CWXTCOB_Scenario.00001: CWXTCOBCase1.CWXTCOB_RPTFILE_FILE.00020: RPTFILE assertion" name="00003: Check for FILLER1"/>
    <testcase classname="Unit Test.CWXTCOB_Scenario.00001: CWXTCOBCase1.CWXTCOB_RPTFILE_FILE.00020: RPTFILE assertion" name="00004: Check for EMP_DTL_REGION"/>
    <testcase classname="Unit Test.CWXTCOB_Scenario.00001: CWXTCOBCase1.CWXTCOB_RPTFILE_FILE.00020: RPTFILE assertion" name="00005: Check for FILLER2"/>
    <testcase classname="Unit Test.CWXTCOB_Scenario.00001: CWXTCOBCase1.CWXTCOB_RPTFILE_FILE.00020: RPTFILE assertion" name="00006: Check for EMP_DTL_TYPE"/>
    <testcase classname="Unit Test.CWXTCOB_Scenario.00001: CWXTCOBCase1.CWXTCOB_RPTFILE_FILE.00020: RPTFILE assertion" name="00007: Check for FILLER3"/>
    <testcase classname="Unit Test.CWXTCOB_Scenario.00001: CWXTCOBCase1.CWXTCOB_RPTFILE_FILE.00020: RPTFILE assertion" name="00008: Check for EMP_DTL_HIRE_MM"/>
    <testcase classname="Unit Test.CWXTCOB_Scenario.00001: CWXTCOBCase1.CWXTCOB_RPTFILE_FILE.00020: RPTFILE assertion" name="00009: Check for EMP_DTL_SLASH1"/>
    <testcase classname="Unit Test.CWXTCOB_Scenario.00001: CWXTCOBCase1.CWXTCOB_RPTFILE_FILE.00020: RPTFILE assertion" name="00010: Check for EMP_DTL_HIRE_DD"/>
    <testcase classname="Unit Test.CWXTCOB_Scenario.00001: CWXTCOBCase1.CWXTCOB_RPTFILE_FILE.00020: RPTFILE assertion" name="00011: Check for EMP_DTL_SLASH2"/>
    <testcase classname="Unit Test.CWXTCOB_Scenario.00001: CWXTCOBCase1.CWXTCOB_RPTFILE_FILE.00020: RPTFILE assertion" name="00012: Check for EMP_DTL_HIRE_YY"/>
    <testcase classname="Unit Test.CWXTCOB_Scenario.00001: CWXTCOBCase1.CWXTCOB_RPTFILE_FILE.00020: RPTFILE assertion" name="00013: Check for FILLER4"/>
    <testcase classname="Unit Test.CWXTCOB_Scenario.00001: CWXTCOBCase1.CWXTCOB_RPTFILE_FILE.00020: RPTFILE assertion" name="00014: Check for EMP_DTL_YRS_OF_SERVICE"/>
    <testcase classname="Unit Test.CWXTCOB_Scenario.00001: CWXTCOBCase1.CWXTCOB_RPTFILE_FILE.00020: RPTFILE assertion" name="00015: Check for FILLER5"/>
    <testcase classname="Unit Test.CWXTCOB_Scenario.00001: CWXTCOBCase1.CWXTCOB_RPTFILE_FILE.00020: RPTFILE assertion" name="00016: Check for EMP_DTL_WAGES"/>
    <testcase classname="Unit Test.CWXTCOB_Scenario.00001: CWXTCOBCase1.CWXTCOB_RPTFILE_FILE.00020: RPTFILE assertion" name="00017: Check for FILLER6"/>
    <testcase classname="Unit Test.CWXTCOB_Scenario.00001: CWXTCOBCase1.CWXTCOB_RPTFILE_FILE.00020: RPTFILE assertion" name="00018: Check for EMP_DTL_OT"/>
    <testcase classname="Unit Test.CWXTCOB_Scenario.00001: CWXTCOBCase1.CWXTCOB_RPTFILE_FILE.00020: RPTFILE assertion" name="00019: Check for FILLER7"/>
    <testcase classname="Unit Test.CWXTCOB_Scenario.00001: CWXTCOBCase1.CWXTCOB_RPTFILE_FILE.00020: RPTFILE assertion" name="00020: Check for EMP_DTL_COMM"/>
    <testcase classname="Unit Test.CWXTCOB_Scenario.00001: CWXTCOBCase1.CWXTCOB_RPTFILE_FILE.00020: RPTFILE assertion" name="00021: Check for FILLER8"/>
    <testcase classname="Unit Test.CWXTCOB_Scenario.00001: CWXTCOBCase1.CWXTCOB_RPTFILE_FILE.00020: RPTFILE assertion" name="00022: Check for EMP_DTL_TOTAL"/>
  </testsuite>
  <testsuite errors="0" failures="0" name="Unit Test.CWXTCOB_Scenario.00001: CWXTCOBCase1.CWXTCOB_RPTFILE_FILE.00021: RPTFILE assertion" tests="22">
    <testcase classname="Unit Test.CWXTCOB_Scenario.00001: CWXTCOBCase1.CWXTCOB_RPTFILE_FILE.00021: RPTFILE assertion" name="00001: Check for FILLER0"/>
    <testcase classname="Unit Test.CWXTCOB_Scenario.00001: CWXTCOBCase1.CWXTCOB_RPTFILE_FILE.00021: RPTFILE assertion" name="00002: Check for EMP_DTL_NAME"/>
    <testcase classname="Unit Test.CWXTCOB_Scenario.00001: CWXTCOBCase1.CWXTCOB_RPTFILE_FILE.00021: RPTFILE assertion" name="00003: Check for FILLER1"/>
    <testcase classname="Unit Test.CWXTCOB_Scenario.00001: CWXTCOBCase1.CWXTCOB_RPTFILE_FILE.00021: RPTFILE assertion" name="00004: Check for EMP_DTL_REGION"/>
    <testcase classname="Unit Test.CWXTCOB_Scenario.00001: CWXTCOBCase1.CWXTCOB_RPTFILE_FILE.00021: RPTFILE assertion" name="00005: Check for FILLER2"/>
    <testcase classname="Unit Test.CWXTCOB_Scenario.00001: CWXTCOBCase1.CWXTCOB_RPTFILE_FILE.00021: RPTFILE assertion" name="00006: Check for EMP_DTL_TYPE"/>
    <testcase classname="Unit Test.CWXTCOB_Scenario.00001: CWXTCOBCase1.CWXTCOB_RPTFILE_FILE.00021: RPTFILE assertion" name="00007: Check for FILLER3"/>
    <testcase classname="Unit Test.CWXTCOB_Scenario.00001: CWXTCOBCase1.CWXTCOB_RPTFILE_FILE.00021: RPTFILE assertion" name="00008: Check for EMP_DTL_HIRE_MM"/>
    <testcase classname="Unit Test.CWXTCOB_Scenario.00001: CWXTCOBCase1.CWXTCOB_RPTFILE_FILE.00021: RPTFILE assertion" name="00009: Check for EMP_DTL_SLASH1"/>
    <testcase classname="Unit Test.CWXTCOB_Scenario.00001: CWXTCOBCase1.CWXTCOB_RPTFILE_FILE.00021: RPTFILE assertion" name="00010: Check for EMP_DTL_HIRE_DD"/>
    <testcase classname="Unit Test.CWXTCOB_Scenario.00001: CWXTCOBCase1.CWXTCOB_RPTFILE_FILE.00021: RPTFILE assertion" name="00011: Check for EMP_DTL_SLASH2"/>
    <testcase classname="Unit Test.CWXTCOB_Scenario.00001: CWXTCOBCase1.CWXTCOB_RPTFILE_FILE.00021: RPTFILE assertion" name="00012: Check for EMP_DTL_HIRE_YY"/>
    <testcase classname="Unit Test.CWXTCOB_Scenario.00001: CWXTCOBCase1.CWXTCOB_RPTFILE_FILE.00021: RPTFILE assertion" name="00013: Check for FILLER4"/>
    <testcase classname="Unit Test.CWXTCOB_Scenario.00001: CWXTCOBCase1.CWXTCOB_RPTFILE_FILE.00021: RPTFILE assertion" name="00014: Check for EMP_DTL_YRS_OF_SERVICE"/>
    <testcase classname="Unit Test.CWXTCOB_Scenario.00001: CWXTCOBCase1.CWXTCOB_RPTFILE_FILE.00021: RPTFILE assertion" name="00015: Check for FILLER5"/>
    <testcase classname="Unit Test.CWXTCOB_Scenario.00001: CWXTCOBCase1.CWXTCOB_RPTFILE_FILE.00021: RPTFILE assertion" name="00016: Check for EMP_DTL_WAGES"/>
    <testcase classname="Unit Test.CWXTCOB_Scenario.00001: CWXTCOBCase1.CWXTCOB_RPTFILE_FILE.00021: RPTFILE assertion" name="00017: Check for FILLER6"/>
    <testcase classname="Unit Test.CWXTCOB_Scenario.00001: CWXTCOBCase1.CWXTCOB_RPTFILE_FILE.00021: RPTFILE assertion" name="00018: Check for EMP_DTL_OT"/>
    <testcase classname="Unit Test.CWXTCOB_Scenario.00001: CWXTCOBCase1.CWXTCOB_RPTFILE_FILE.00021: RPTFILE assertion" name="00019: Check for FILLER7"/>
    <testcase classname="Unit Test.CWXTCOB_Scenario.00001: CWXTCOBCase1.CWXTCOB_RPTFILE_FILE.00021: RPTFILE assertion" name="00020: Check for EMP_DTL_COMM"/>
    <testcase classname="Unit Test.CWXTCOB_Scenario.00001: CWXTCOBCase1.CWXTCOB_RPTFILE_FILE.00021: RPTFILE assertion" name="00021: Check for FILLER8"/>
    <testcase classname="Unit Test.CWXTCOB_Scenario.00001: CWXTCOBCase1.CWXTCOB_RPTFILE_FILE.00021: RPTFILE assertion" name="00022: Check for EMP_DTL_TOTAL"/>
  </testsuite>
  <testsuite errors="0" failures="0" name="Unit Test.CWXTCOB_Scenario.00001: CWXTCOBCase1.CWXTCOB_RPTFILE_FILE.00022: RPTFILE assertion" tests="22">
    <testcase classname="Unit Test.CWXTCOB_Scenario.00001: CWXTCOBCase1.CWXTCOB_RPTFILE_FILE.00022: RPTFILE assertion" name="00001: Check for FILLER0"/>
    <testcase classname="Unit Test.CWXTCOB_Scenario.00001: CWXTCOBCase1.CWXTCOB_RPTFILE_FILE.00022: RPTFILE assertion" name="00002: Check for EMP_DTL_NAME"/>
    <testcase classname="Unit Test.CWXTCOB_Scenario.00001: CWXTCOBCase1.CWXTCOB_RPTFILE_FILE.00022: RPTFILE assertion" name="00003: Check for FILLER1"/>
    <testcase classname="Unit Test.CWXTCOB_Scenario.00001: CWXTCOBCase1.CWXTCOB_RPTFILE_FILE.00022: RPTFILE assertion" name="00004: Check for EMP_DTL_REGION"/>
    <testcase classname="Unit Test.CWXTCOB_Scenario.00001: CWXTCOBCase1.CWXTCOB_RPTFILE_FILE.00022: RPTFILE assertion" name="00005: Check for FILLER2"/>
    <testcase classname="Unit Test.CWXTCOB_Scenario.00001: CWXTCOBCase1.CWXTCOB_RPTFILE_FILE.00022: RPTFILE assertion" name="00006: Check for EMP_DTL_TYPE"/>
    <testcase classname="Unit Test.CWXTCOB_Scenario.00001: CWXTCOBCase1.CWXTCOB_RPTFILE_FILE.00022: RPTFILE assertion" name="00007: Check for FILLER3"/>
    <testcase classname="Unit Test.CWXTCOB_Scenario.00001: CWXTCOBCase1.CWXTCOB_RPTFILE_FILE.00022: RPTFILE assertion" name="00008: Check for EMP_DTL_HIRE_MM"/>
    <testcase classname="Unit Test.CWXTCOB_Scenario.00001: CWXTCOBCase1.CWXTCOB_RPTFILE_FILE.00022: RPTFILE assertion" name="00009: Check for EMP_DTL_SLASH1"/>
    <testcase classname="Unit Test.CWXTCOB_Scenario.00001: CWXTCOBCase1.CWXTCOB_RPTFILE_FILE.00022: RPTFILE assertion" name="00010: Check for EMP_DTL_HIRE_DD"/>
    <testcase classname="Unit Test.CWXTCOB_Scenario.00001: CWXTCOBCase1.CWXTCOB_RPTFILE_FILE.00022: RPTFILE assertion" name="00011: Check for EMP_DTL_SLASH2"/>
    <testcase classname="Unit Test.CWXTCOB_Scenario.00001: CWXTCOBCase1.CWXTCOB_RPTFILE_FILE.00022: RPTFILE assertion" name="00012: Check for EMP_DTL_HIRE_YY"/>
    <testcase classname="Unit Test.CWXTCOB_Scenario.00001: CWXTCOBCase1.CWXTCOB_RPTFILE_FILE.00022: RPTFILE assertion" name="00013: Check for FILLER4"/>
    <testcase classname="Unit Test.CWXTCOB_Scenario.00001: CWXTCOBCase1.CWXTCOB_RPTFILE_FILE.00022: RPTFILE assertion" name="00014: Check for EMP_DTL_YRS_OF_SERVICE"/>
    <testcase classname="Unit Test.CWXTCOB_Scenario.00001: CWXTCOBCase1.CWXTCOB_RPTFILE_FILE.00022: RPTFILE assertion" name="00015: Check for FILLER5"/>
    <testcase classname="Unit Test.CWXTCOB_Scenario.00001: CWXTCOBCase1.CWXTCOB_RPTFILE_FILE.00022: RPTFILE assertion" name="00016: Check for EMP_DTL_WAGES"/>
    <testcase classname="Unit Test.CWXTCOB_Scenario.00001: CWXTCOBCase1.CWXTCOB_RPTFILE_FILE.00022: RPTFILE assertion" name="00017: Check for FILLER6"/>
    <testcase classname="Unit Test.CWXTCOB_Scenario.00001: CWXTCOBCase1.CWXTCOB_RPTFILE_FILE.00022: RPTFILE assertion" name="00018: Check for EMP_DTL_OT"/>
    <testcase classname="Unit Test.CWXTCOB_Scenario.00001: CWXTCOBCase1.CWXTCOB_RPTFILE_FILE.00022: RPTFILE assertion" name="00019: Check for FILLER7"/>
    <testcase classname="Unit Test.CWXTCOB_Scenario.00001: CWXTCOBCase1.CWXTCOB_RPTFILE_FILE.00022: RPTFILE assertion" name="00020: Check for EMP_DTL_COMM"/>
    <testcase classname="Unit Test.CWXTCOB_Scenario.00001: CWXTCOBCase1.CWXTCOB_RPTFILE_FILE.00022: RPTFILE assertion" name="00021: Check for FILLER8"/>
    <testcase classname="Unit Test.CWXTCOB_Scenario.00001: CWXTCOBCase1.CWXTCOB_RPTFILE_FILE.00022: RPTFILE assertion" name="00022: Check for EMP_DTL_TOTAL"/>
  </testsuite>
  <testsuite errors="0" failures="0" name="Unit Test.CWXTCOB_Scenario.00001: CWXTCOBCase1.CWXTCOB_RPTFILE_FILE.00023: RPTFILE assertion" tests="1">
    <testcase classname="Unit Test.CWXTCOB_Scenario.00001: CWXTCOBCase1.CWXTCOB_RPTFILE_FILE.00023: RPTFILE assertion" name="00001: Check for BLANK_LINE"/>
  </testsuite>
  <testsuite errors="0" failures="0" name="Unit Test.CWXTCOB_Scenario.00001: CWXTCOBCase1.CWXTCOB_RPTFILE_FILE.00024: RPTFILE assertion" tests="4">
    <testcase classname="Unit Test.CWXTCOB_Scenario.00001: CWXTCOBCase1.CWXTCOB_RPTFILE_FILE.00024: RPTFILE assertion" name="00001: Check for FILLER0"/>
    <testcase classname="Unit Test.CWXTCOB_Scenario.00001: CWXTCOBCase1.CWXTCOB_RPTFILE_FILE.00024: RPTFILE assertion" name="00002: Check for FILLER1"/>
    <testcase classname="Unit Test.CWXTCOB_Scenario.00001: CWXTCOBCase1.CWXTCOB_RPTFILE_FILE.00024: RPTFILE assertion" name="00003: Check for FILLER2"/>
    <testcase classname="Unit Test.CWXTCOB_Scenario.00001: CWXTCOBCase1.CWXTCOB_RPTFILE_FILE.00024: RPTFILE assertion" name="00004: Check for EMP_GRAND_TOTAL"/>
  </testsuite>
  <testsuite errors="0" failures="0" name="Unit Test.CWXTCOB_Scenario.00001: CWXTCOBCase1.CWXTCOB_DATETIME.00001: ACCEPT DATE assertion" tests="0">
    <testcase classname="Unit Test.CWXTCOB_Scenario.00001: CWXTCOBCase1.CWXTCOB_DATETIME.00001: ACCEPT DATE assertion" name="ACCEPT DATE"/>
  </testsuite>
</testsuites>